TpTrace Verbose: 0 : 43872, 1, 2025/03/07, 19:52:23.348, 12294486012666, vstest.console.dll, Version: 17.11.1-release-24455-02 Current process architecture: X64
TpTrace Verbose: 0 : 43872, 1, 2025/03/07, 19:52:23.351, 12294489343072, vstest.console.dll, Runtime location: /usr/share/dotnet/shared/Microsoft.NETCore.App/8.0.12
TpTrace Information: 0 : 43872, 1, 2025/03/07, 19:52:23.354, 12294491768727, vstest.console.dll, Using .Net Framework version:.NETCoreApp,Version=v8.0
TpTrace Verbose: 0 : 43872, 1, 2025/03/07, 19:52:23.354, 12294491865032, vstest.console.dll, ArtifactProcessingPostProcessModeProcessorExecutor.Initialize: ArtifactProcessingMode.Collect
TpTrace Verbose: 0 : 43872, 1, 2025/03/07, 19:52:23.354, 12294491944427, vstest.console.dll, TestSessionCorrelationIdProcessorModeProcessorExecutor.Initialize: TestSessionCorrelationId '43770_960eab3d-92b9-4cf1-8aec-646d4d6ef247'
TpTrace Information: 0 : 43872, 1, 2025/03/07, 19:52:23.357, 12294494398170, vstest.console.dll, FilePatternParser: The given file /home/msodoki/Desktop/Inventory/InventoryManagement.Tests/bin/Debug/net8.0/InventoryManagement.Tests.dll is a full path.
TpTrace Verbose: 0 : 43872, 1, 2025/03/07, 19:52:23.361, 12294498806583, vstest.console.dll, TestPluginCache.DiscoverTestExtensions: finding test extensions in assemblies ends with: RuntimeProvider.dll TPluginInfo: Microsoft.VisualStudio.TestPlatform.Common.ExtensionFramework.Utilities.TestRuntimePluginInformation TExtension: Microsoft.VisualStudio.TestPlatform.ObjectModel.Host.ITestRuntimeProvider
TpTrace Verbose: 0 : 43872, 1, 2025/03/07, 19:52:23.361, 12294499271746, vstest.console.dll, TestPluginCache.GetExtensionPaths: Filtered extension paths: 
TpTrace Verbose: 0 : 43872, 1, 2025/03/07, 19:52:23.362, 12294499374410, vstest.console.dll, TestPluginCache.GetExtensionPaths: Added default extension paths: /usr/share/dotnet/sdk/8.0.405/Extensions/Microsoft.Diagnostics.NETCore.Client.dll
/usr/share/dotnet/sdk/8.0.405/Extensions/Microsoft.TestPlatform.Extensions.BlameDataCollector.dll
/usr/share/dotnet/sdk/8.0.405/Extensions/Microsoft.TestPlatform.Extensions.EventLogCollector.dll
/usr/share/dotnet/sdk/8.0.405/Extensions/Microsoft.TestPlatform.TestHostRuntimeProvider.dll
/usr/share/dotnet/sdk/8.0.405/Extensions/Microsoft.VisualStudio.TestPlatform.Extensions.Html.TestLogger.dll
/usr/share/dotnet/sdk/8.0.405/Extensions/Microsoft.VisualStudio.TestPlatform.Extensions.Trx.TestLogger.dll
TpTrace Verbose: 0 : 43872, 1, 2025/03/07, 19:52:23.362, 12294499424408, vstest.console.dll, TestPluginCache.GetExtensionPaths: Added unfilterableExtensionPaths: 
TpTrace Information: 0 : 43872, 1, 2025/03/07, 19:52:23.362, 12294500182619, vstest.console.dll, AssemblyResolver.ctor: Creating AssemblyResolver with searchDirectories /usr/share/dotnet/sdk/8.0.405/Extensions,/usr/share/dotnet/sdk/8.0.405
TpTrace Verbose: 0 : 43872, 1, 2025/03/07, 19:52:23.363, 12294501266321, vstest.console.dll, TestPluginCache.DiscoverTestExtensions: Discovering the extensions using extension path.
TpTrace Verbose: 0 : 43872, 1, 2025/03/07, 19:52:23.364, 12294501379914, vstest.console.dll, TestPluginCache.GetExtensionPaths: Filtered extension paths: 
TpTrace Verbose: 0 : 43872, 1, 2025/03/07, 19:52:23.364, 12294501418872, vstest.console.dll, TestPluginCache.GetExtensionPaths: Added default extension paths: /usr/share/dotnet/sdk/8.0.405/Extensions/Microsoft.Diagnostics.NETCore.Client.dll
/usr/share/dotnet/sdk/8.0.405/Extensions/Microsoft.TestPlatform.Extensions.BlameDataCollector.dll
/usr/share/dotnet/sdk/8.0.405/Extensions/Microsoft.TestPlatform.Extensions.EventLogCollector.dll
/usr/share/dotnet/sdk/8.0.405/Extensions/Microsoft.TestPlatform.TestHostRuntimeProvider.dll
/usr/share/dotnet/sdk/8.0.405/Extensions/Microsoft.VisualStudio.TestPlatform.Extensions.Html.TestLogger.dll
/usr/share/dotnet/sdk/8.0.405/Extensions/Microsoft.VisualStudio.TestPlatform.Extensions.Trx.TestLogger.dll
TpTrace Verbose: 0 : 43872, 1, 2025/03/07, 19:52:23.364, 12294501459763, vstest.console.dll, TestPluginCache.GetExtensionPaths: Added unfilterableExtensionPaths: 
TpTrace Verbose: 0 : 43872, 1, 2025/03/07, 19:52:23.364, 12294501531286, vstest.console.dll, TestPluginCache.DiscoverTestExtensions: Discovering the extensions using allExtensionPaths: /usr/share/dotnet/sdk/8.0.405/Extensions/Microsoft.Diagnostics.NETCore.Client.dll
/usr/share/dotnet/sdk/8.0.405/Extensions/Microsoft.TestPlatform.Extensions.BlameDataCollector.dll
/usr/share/dotnet/sdk/8.0.405/Extensions/Microsoft.TestPlatform.Extensions.EventLogCollector.dll
/usr/share/dotnet/sdk/8.0.405/Extensions/Microsoft.TestPlatform.TestHostRuntimeProvider.dll
/usr/share/dotnet/sdk/8.0.405/Extensions/Microsoft.VisualStudio.TestPlatform.Extensions.Html.TestLogger.dll
/usr/share/dotnet/sdk/8.0.405/Extensions/Microsoft.VisualStudio.TestPlatform.Extensions.Trx.TestLogger.dll
TpTrace Information: 0 : 43872, 1, 2025/03/07, 19:52:23.364, 12294501651533, vstest.console.dll, AssemblyResolver.AddSearchDirectories: Adding more searchDirectories /usr/share/dotnet/sdk/8.0.405/Extensions,/usr/share/dotnet/sdk/8.0.405
TpTrace Information: 0 : 43872, 1, 2025/03/07, 19:52:23.364, 12294501705512, vstest.console.dll, AssemblyResolver.AddSearchDirectories: Adding more searchDirectories /usr/share/dotnet/sdk/8.0.405/Extensions,/usr/share/dotnet/sdk/8.0.405
TpTrace Information: 0 : 43872, 1, 2025/03/07, 19:52:23.364, 12294501741687, vstest.console.dll, AssemblyResolver.AddSearchDirectories: Adding more searchDirectories /usr/share/dotnet/sdk/8.0.405/Extensions,/usr/share/dotnet/sdk/8.0.405
TpTrace Information: 0 : 43872, 1, 2025/03/07, 19:52:23.364, 12294501777348, vstest.console.dll, AssemblyResolver.AddSearchDirectories: Adding more searchDirectories /usr/share/dotnet/sdk/8.0.405/Extensions,/usr/share/dotnet/sdk/8.0.405
TpTrace Information: 0 : 43872, 1, 2025/03/07, 19:52:23.364, 12294501806585, vstest.console.dll, AssemblyResolver.AddSearchDirectories: Adding more searchDirectories /usr/share/dotnet/sdk/8.0.405/Extensions,/usr/share/dotnet/sdk/8.0.405
TpTrace Information: 0 : 43872, 1, 2025/03/07, 19:52:23.364, 12294501832150, vstest.console.dll, AssemblyResolver.AddSearchDirectories: Adding more searchDirectories /usr/share/dotnet/sdk/8.0.405/Extensions,/usr/share/dotnet/sdk/8.0.405
TpTrace Information: 0 : 43872, 1, 2025/03/07, 19:52:23.365, 12294502544619, vstest.console.dll, AssemblyResolver.OnResolve: Microsoft.Diagnostics.NETCore.Client: Resolving assembly.
TpTrace Information: 0 : 43872, 1, 2025/03/07, 19:52:23.365, 12294502637292, vstest.console.dll, AssemblyResolver.OnResolve: Microsoft.Diagnostics.NETCore.Client: Searching in: '/usr/share/dotnet/sdk/8.0.405/Extensions'.
TpTrace Information: 0 : 43872, 1, 2025/03/07, 19:52:23.371, 12294509129638, vstest.console.dll, AssemblyResolver.OnResolve: Microsoft.Diagnostics.NETCore.Client: Loading assembly '/usr/share/dotnet/sdk/8.0.405/Extensions/Microsoft.Diagnostics.NETCore.Client.dll'.
TpTrace Information: 0 : 43872, 1, 2025/03/07, 19:52:23.372, 12294509453556, vstest.console.dll, AssemblyResolver.OnResolve: Resolved assembly: Microsoft.Diagnostics.NETCore.Client, from path: /usr/share/dotnet/sdk/8.0.405/Extensions/Microsoft.Diagnostics.NETCore.Client.dll
TpTrace Verbose: 0 : 43872, 1, 2025/03/07, 19:52:23.377, 12294515175512, vstest.console.dll, MetadataReaderExtensionsHelper: Discovering extensions inside assembly 'Microsoft.Diagnostics.NETCore.Client, Version=0.2.10.30701, Culture=neutral, PublicKeyToken=31bf3856ad364e35' file path '/usr/share/dotnet/sdk/8.0.405/Extensions/Microsoft.Diagnostics.NETCore.Client.dll'
TpTrace Information: 0 : 43872, 1, 2025/03/07, 19:52:23.380, 12294517425357, vstest.console.dll, AssemblyResolver.OnResolve: Microsoft.Bcl.AsyncInterfaces: Resolving assembly.
TpTrace Information: 0 : 43872, 1, 2025/03/07, 19:52:23.380, 12294517487621, vstest.console.dll, AssemblyResolver.OnResolve: Microsoft.Bcl.AsyncInterfaces: Searching in: '/usr/share/dotnet/sdk/8.0.405/Extensions'.
TpTrace Information: 0 : 43872, 1, 2025/03/07, 19:52:23.380, 12294517520279, vstest.console.dll, AssemblyResolver.OnResolve: Microsoft.Bcl.AsyncInterfaces: Assembly path does not exist: '/usr/share/dotnet/sdk/8.0.405/Extensions/Microsoft.Bcl.AsyncInterfaces.dll', returning.
TpTrace Information: 0 : 43872, 1, 2025/03/07, 19:52:23.380, 12294517560795, vstest.console.dll, AssemblyResolver.OnResolve: Microsoft.Bcl.AsyncInterfaces: Assembly path does not exist: '/usr/share/dotnet/sdk/8.0.405/Extensions/Microsoft.Bcl.AsyncInterfaces.exe', returning.
TpTrace Information: 0 : 43872, 1, 2025/03/07, 19:52:23.380, 12294517590692, vstest.console.dll, AssemblyResolver.OnResolve: Microsoft.Bcl.AsyncInterfaces: Searching in: '/usr/share/dotnet/sdk/8.0.405'.
TpTrace Information: 0 : 43872, 1, 2025/03/07, 19:52:23.380, 12294517620254, vstest.console.dll, AssemblyResolver.OnResolve: Microsoft.Bcl.AsyncInterfaces: Assembly path does not exist: '/usr/share/dotnet/sdk/8.0.405/Microsoft.Bcl.AsyncInterfaces.dll', returning.
TpTrace Information: 0 : 43872, 1, 2025/03/07, 19:52:23.380, 12294517646700, vstest.console.dll, AssemblyResolver.OnResolve: Microsoft.Bcl.AsyncInterfaces: Assembly path does not exist: '/usr/share/dotnet/sdk/8.0.405/Microsoft.Bcl.AsyncInterfaces.exe', returning.
TpTrace Information: 0 : 43872, 1, 2025/03/07, 19:52:23.380, 12294517669471, vstest.console.dll, AssemblyResolver.OnResolve: Microsoft.Bcl.AsyncInterfaces: Failed to load assembly.
TpTrace Verbose: 0 : 43872, 1, 2025/03/07, 19:52:23.380, 12294517702338, vstest.console.dll, CurrentDomainAssemblyResolve: Resolving assembly 'Microsoft.Bcl.AsyncInterfaces'.
TpTrace Information: 0 : 43872, 1, 2025/03/07, 19:52:23.380, 12294517758044, vstest.console.dll, AssemblyResolver.OnResolve: Microsoft.Bcl.AsyncInterfaces: Resolving assembly.
TpTrace Information: 0 : 43872, 1, 2025/03/07, 19:52:23.380, 12294517794882, vstest.console.dll, AssemblyResolver.OnResolve: Microsoft.Bcl.AsyncInterfaces: Resolved from cache.
TpTrace Verbose: 0 : 43872, 1, 2025/03/07, 19:52:23.380, 12294517821148, vstest.console.dll, CurrentDomainAssemblyResolve: Resolving assembly 'Microsoft.Bcl.AsyncInterfaces'.
TpTrace Verbose: 0 : 43872, 1, 2025/03/07, 19:52:23.380, 12294517855819, vstest.console.dll, CurrentDomainAssemblyResolve: Failed to resolve assembly 'Microsoft.Bcl.AsyncInterfaces'.
TpTrace Verbose: 0 : 43872, 1, 2025/03/07, 19:52:23.380, 12294518054411, vstest.console.dll, CurrentDomainAssemblyResolve: Failed to resolve assembly 'Microsoft.Bcl.AsyncInterfaces'.
TpTrace Warning: 0 : 43872, 1, 2025/03/07, 19:52:23.387, 12294525076285, vstest.console.dll, TestPluginDiscoverer: Failed to get types from assembly 'Microsoft.Diagnostics.NETCore.Client, Version=0.2.10.30701, Culture=neutral, PublicKeyToken=31bf3856ad364e35'. Error: System.Reflection.ReflectionTypeLoadException: Unable to load one or more of the requested types.
Could not load file or assembly 'Microsoft.Bcl.AsyncInterfaces, Version=6.0.0.0, Culture=neutral, PublicKeyToken=cc7b13ffcd2ddd51'. The system cannot find the file specified.

   at System.Reflection.RuntimeModule.GetTypes(RuntimeModule module)
   at System.Reflection.RuntimeModule.GetTypes()
   at Microsoft.VisualStudio.TestPlatform.Common.ExtensionFramework.TestPluginDiscoverer.GetTestExtensionsFromAssembly[TPluginInfo,TExtension](Assembly assembly, Dictionary`2 pluginInfos, String filePath) in /_/src/Microsoft.TestPlatform.Common/ExtensionFramework/TestPluginDiscoverer.cs:line 158
System.IO.FileNotFoundException: Could not load file or assembly 'Microsoft.Bcl.AsyncInterfaces, Version=6.0.0.0, Culture=neutral, PublicKeyToken=cc7b13ffcd2ddd51'. The system cannot find the file specified.

File name: 'Microsoft.Bcl.AsyncInterfaces, Version=6.0.0.0, Culture=neutral, PublicKeyToken=cc7b13ffcd2ddd51'
 ---> System.IO.FileNotFoundException: Could not load file or assembly 'Microsoft.Bcl.AsyncInterfaces, Culture=neutral, PublicKeyToken=null'. The system cannot find the file specified.

File name: 'Microsoft.Bcl.AsyncInterfaces, Culture=neutral, PublicKeyToken=null'
   at System.Reflection.RuntimeAssembly.InternalLoad(AssemblyName assemblyName, StackCrawlMark& stackMark, AssemblyLoadContext assemblyLoadContext, RuntimeAssembly requestingAssembly, Boolean throwOnFileNotFound)
   at System.Reflection.Assembly.Load(AssemblyName assemblyRef)
   at Microsoft.VisualStudio.TestPlatform.Common.ExtensionFramework.TestPluginCache.CurrentDomainAssemblyResolve(Object sender, AssemblyResolveEventArgs args) in /_/src/Microsoft.TestPlatform.Common/ExtensionFramework/TestPluginCache.cs:line 513
   at System.Runtime.Loader.AssemblyLoadContext.GetFirstResolvedAssemblyFromResolvingEvent(AssemblyName assemblyName)
   at System.Runtime.Loader.AssemblyLoadContext.ResolveUsingEvent(AssemblyName assemblyName)
   at System.Runtime.Loader.AssemblyLoadContext.ResolveUsingResolvingEvent(IntPtr gchManagedAssemblyLoadContext, AssemblyName assemblyName)
TpTrace Warning: 0 : 43872, 1, 2025/03/07, 19:52:23.388, 12294525468047, vstest.console.dll, LoaderExceptions: System.IO.FileNotFoundException: Could not load file or assembly 'Microsoft.Bcl.AsyncInterfaces, Version=6.0.0.0, Culture=neutral, PublicKeyToken=cc7b13ffcd2ddd51'. The system cannot find the file specified.

File name: 'Microsoft.Bcl.AsyncInterfaces, Version=6.0.0.0, Culture=neutral, PublicKeyToken=cc7b13ffcd2ddd51'
 ---> System.IO.FileNotFoundException: Could not load file or assembly 'Microsoft.Bcl.AsyncInterfaces, Culture=neutral, PublicKeyToken=null'. The system cannot find the file specified.

File name: 'Microsoft.Bcl.AsyncInterfaces, Culture=neutral, PublicKeyToken=null'
   at System.Reflection.RuntimeAssembly.InternalLoad(AssemblyName assemblyName, StackCrawlMark& stackMark, AssemblyLoadContext assemblyLoadContext, RuntimeAssembly requestingAssembly, Boolean throwOnFileNotFound)
   at System.Reflection.Assembly.Load(AssemblyName assemblyRef)
   at Microsoft.VisualStudio.TestPlatform.Common.ExtensionFramework.TestPluginCache.CurrentDomainAssemblyResolve(Object sender, AssemblyResolveEventArgs args) in /_/src/Microsoft.TestPlatform.Common/ExtensionFramework/TestPluginCache.cs:line 513
   at System.Runtime.Loader.AssemblyLoadContext.GetFirstResolvedAssemblyFromResolvingEvent(AssemblyName assemblyName)
   at System.Runtime.Loader.AssemblyLoadContext.ResolveUsingEvent(AssemblyName assemblyName)
   at System.Runtime.Loader.AssemblyLoadContext.ResolveUsingResolvingEvent(IntPtr gchManagedAssemblyLoadContext, AssemblyName assemblyName)
TpTrace Information: 0 : 43872, 1, 2025/03/07, 19:52:23.388, 12294525626183, vstest.console.dll, AssemblyResolver.OnResolve: Microsoft.TestPlatform.Extensions.BlameDataCollector: Resolving assembly.
TpTrace Information: 0 : 43872, 1, 2025/03/07, 19:52:23.388, 12294525665986, vstest.console.dll, AssemblyResolver.OnResolve: Microsoft.TestPlatform.Extensions.BlameDataCollector: Searching in: '/usr/share/dotnet/sdk/8.0.405/Extensions'.
TpTrace Information: 0 : 43872, 1, 2025/03/07, 19:52:23.388, 12294525816855, vstest.console.dll, AssemblyResolver.OnResolve: Microsoft.TestPlatform.Extensions.BlameDataCollector: Loading assembly '/usr/share/dotnet/sdk/8.0.405/Extensions/Microsoft.TestPlatform.Extensions.BlameDataCollector.dll'.
TpTrace Information: 0 : 43872, 1, 2025/03/07, 19:52:23.388, 12294526008189, vstest.console.dll, AssemblyResolver.OnResolve: Resolved assembly: Microsoft.TestPlatform.Extensions.BlameDataCollector, from path: /usr/share/dotnet/sdk/8.0.405/Extensions/Microsoft.TestPlatform.Extensions.BlameDataCollector.dll
TpTrace Verbose: 0 : 43872, 1, 2025/03/07, 19:52:23.388, 12294526077052, vstest.console.dll, MetadataReaderExtensionsHelper: Discovering extensions inside assembly 'Microsoft.TestPlatform.Extensions.BlameDataCollector, Version=15.0.0.0, Culture=neutral, PublicKeyToken=b03f5f7f11d50a3a' file path '/usr/share/dotnet/sdk/8.0.405/Extensions/Microsoft.TestPlatform.Extensions.BlameDataCollector.dll'
TpTrace Information: 0 : 43872, 1, 2025/03/07, 19:52:23.389, 12294526960260, vstest.console.dll, AssemblyResolver.OnResolve: Microsoft.TestPlatform.Extensions.EventLogCollector: Resolving assembly.
TpTrace Information: 0 : 43872, 1, 2025/03/07, 19:52:23.389, 12294527013728, vstest.console.dll, AssemblyResolver.OnResolve: Microsoft.TestPlatform.Extensions.EventLogCollector: Searching in: '/usr/share/dotnet/sdk/8.0.405/Extensions'.
TpTrace Information: 0 : 43872, 1, 2025/03/07, 19:52:23.389, 12294527121377, vstest.console.dll, AssemblyResolver.OnResolve: Microsoft.TestPlatform.Extensions.EventLogCollector: Loading assembly '/usr/share/dotnet/sdk/8.0.405/Extensions/Microsoft.TestPlatform.Extensions.EventLogCollector.dll'.
TpTrace Information: 0 : 43872, 1, 2025/03/07, 19:52:23.389, 12294527290981, vstest.console.dll, AssemblyResolver.OnResolve: Resolved assembly: Microsoft.TestPlatform.Extensions.EventLogCollector, from path: /usr/share/dotnet/sdk/8.0.405/Extensions/Microsoft.TestPlatform.Extensions.EventLogCollector.dll
TpTrace Verbose: 0 : 43872, 1, 2025/03/07, 19:52:23.389, 12294527340313, vstest.console.dll, MetadataReaderExtensionsHelper: Discovering extensions inside assembly 'Microsoft.TestPlatform.Extensions.EventLogCollector, Version=15.0.0.0, Culture=neutral, PublicKeyToken=b03f5f7f11d50a3a' file path '/usr/share/dotnet/sdk/8.0.405/Extensions/Microsoft.TestPlatform.Extensions.EventLogCollector.dll'
TpTrace Information: 0 : 43872, 1, 2025/03/07, 19:52:23.390, 12294528245030, vstest.console.dll, AssemblyResolver.OnResolve: Microsoft.TestPlatform.TestHostRuntimeProvider: Resolving assembly.
TpTrace Information: 0 : 43872, 1, 2025/03/07, 19:52:23.390, 12294528292471, vstest.console.dll, AssemblyResolver.OnResolve: Microsoft.TestPlatform.TestHostRuntimeProvider: Searching in: '/usr/share/dotnet/sdk/8.0.405/Extensions'.
TpTrace Information: 0 : 43872, 1, 2025/03/07, 19:52:23.391, 12294528418339, vstest.console.dll, AssemblyResolver.OnResolve: Microsoft.TestPlatform.TestHostRuntimeProvider: Loading assembly '/usr/share/dotnet/sdk/8.0.405/Extensions/Microsoft.TestPlatform.TestHostRuntimeProvider.dll'.
TpTrace Information: 0 : 43872, 1, 2025/03/07, 19:52:23.391, 12294528612634, vstest.console.dll, AssemblyResolver.OnResolve: Resolved assembly: Microsoft.TestPlatform.TestHostRuntimeProvider, from path: /usr/share/dotnet/sdk/8.0.405/Extensions/Microsoft.TestPlatform.TestHostRuntimeProvider.dll
TpTrace Verbose: 0 : 43872, 1, 2025/03/07, 19:52:23.391, 12294528670745, vstest.console.dll, MetadataReaderExtensionsHelper: Discovering extensions inside assembly 'Microsoft.TestPlatform.TestHostRuntimeProvider, Version=15.0.0.0, Culture=neutral, PublicKeyToken=b03f5f7f11d50a3a' file path '/usr/share/dotnet/sdk/8.0.405/Extensions/Microsoft.TestPlatform.TestHostRuntimeProvider.dll'
TpTrace Information: 0 : 43872, 1, 2025/03/07, 19:52:23.392, 12294529750217, vstest.console.dll, GetTestExtensionFromType: Register extension with identifier data 'HostProvider://DefaultTestHost' and type 'Microsoft.VisualStudio.TestPlatform.CrossPlatEngine.Hosting.DefaultTestHostManager, Microsoft.TestPlatform.TestHostRuntimeProvider, Version=15.0.0.0, Culture=neutral, PublicKeyToken=b03f5f7f11d50a3a' inside file '/usr/share/dotnet/sdk/8.0.405/Extensions/Microsoft.TestPlatform.TestHostRuntimeProvider.dll'
TpTrace Information: 0 : 43872, 1, 2025/03/07, 19:52:23.392, 12294529976487, vstest.console.dll, GetTestExtensionFromType: Register extension with identifier data 'HostProvider://DotnetTestHost' and type 'Microsoft.VisualStudio.TestPlatform.CrossPlatEngine.Hosting.DotnetTestHostManager, Microsoft.TestPlatform.TestHostRuntimeProvider, Version=15.0.0.0, Culture=neutral, PublicKeyToken=b03f5f7f11d50a3a' inside file '/usr/share/dotnet/sdk/8.0.405/Extensions/Microsoft.TestPlatform.TestHostRuntimeProvider.dll'
TpTrace Information: 0 : 43872, 1, 2025/03/07, 19:52:23.392, 12294530046616, vstest.console.dll, AssemblyResolver.OnResolve: Microsoft.VisualStudio.TestPlatform.Extensions.Html.TestLogger: Resolving assembly.
TpTrace Information: 0 : 43872, 1, 2025/03/07, 19:52:23.392, 12294530095451, vstest.console.dll, AssemblyResolver.OnResolve: Microsoft.VisualStudio.TestPlatform.Extensions.Html.TestLogger: Searching in: '/usr/share/dotnet/sdk/8.0.405/Extensions'.
TpTrace Information: 0 : 43872, 1, 2025/03/07, 19:52:23.392, 12294530230596, vstest.console.dll, AssemblyResolver.OnResolve: Microsoft.VisualStudio.TestPlatform.Extensions.Html.TestLogger: Loading assembly '/usr/share/dotnet/sdk/8.0.405/Extensions/Microsoft.VisualStudio.TestPlatform.Extensions.Html.TestLogger.dll'.
TpTrace Information: 0 : 43872, 1, 2025/03/07, 19:52:23.393, 12294530426396, vstest.console.dll, AssemblyResolver.OnResolve: Resolved assembly: Microsoft.VisualStudio.TestPlatform.Extensions.Html.TestLogger, from path: /usr/share/dotnet/sdk/8.0.405/Extensions/Microsoft.VisualStudio.TestPlatform.Extensions.Html.TestLogger.dll
TpTrace Verbose: 0 : 43872, 1, 2025/03/07, 19:52:23.393, 12294530477343, vstest.console.dll, MetadataReaderExtensionsHelper: Discovering extensions inside assembly 'Microsoft.VisualStudio.TestPlatform.Extensions.Html.TestLogger, Version=15.0.0.0, Culture=neutral, PublicKeyToken=b03f5f7f11d50a3a' file path '/usr/share/dotnet/sdk/8.0.405/Extensions/Microsoft.VisualStudio.TestPlatform.Extensions.Html.TestLogger.dll'
TpTrace Information: 0 : 43872, 1, 2025/03/07, 19:52:23.393, 12294530883986, vstest.console.dll, AssemblyResolver.OnResolve: Microsoft.VisualStudio.TestPlatform.Extensions.Trx.TestLogger: Resolving assembly.
TpTrace Information: 0 : 43872, 1, 2025/03/07, 19:52:23.393, 12294530924480, vstest.console.dll, AssemblyResolver.OnResolve: Microsoft.VisualStudio.TestPlatform.Extensions.Trx.TestLogger: Searching in: '/usr/share/dotnet/sdk/8.0.405/Extensions'.
TpTrace Information: 0 : 43872, 1, 2025/03/07, 19:52:23.393, 12294531033797, vstest.console.dll, AssemblyResolver.OnResolve: Microsoft.VisualStudio.TestPlatform.Extensions.Trx.TestLogger: Loading assembly '/usr/share/dotnet/sdk/8.0.405/Extensions/Microsoft.VisualStudio.TestPlatform.Extensions.Trx.TestLogger.dll'.
TpTrace Information: 0 : 43872, 1, 2025/03/07, 19:52:23.393, 12294531249568, vstest.console.dll, AssemblyResolver.OnResolve: Resolved assembly: Microsoft.VisualStudio.TestPlatform.Extensions.Trx.TestLogger, from path: /usr/share/dotnet/sdk/8.0.405/Extensions/Microsoft.VisualStudio.TestPlatform.Extensions.Trx.TestLogger.dll
TpTrace Verbose: 0 : 43872, 1, 2025/03/07, 19:52:23.393, 12294531303251, vstest.console.dll, MetadataReaderExtensionsHelper: Discovering extensions inside assembly 'Microsoft.VisualStudio.TestPlatform.Extensions.Trx.TestLogger, Version=15.0.0.0, Culture=neutral, PublicKeyToken=b03f5f7f11d50a3a' file path '/usr/share/dotnet/sdk/8.0.405/Extensions/Microsoft.VisualStudio.TestPlatform.Extensions.Trx.TestLogger.dll'
TpTrace Verbose: 0 : 43872, 1, 2025/03/07, 19:52:23.394, 12294531928139, vstest.console.dll, TestPluginCache: Discovered the extensions using extension path ''.
TpTrace Verbose: 0 : 43872, 1, 2025/03/07, 19:52:23.394, 12294531979632, vstest.console.dll, TestPluginCache: Discoverers are ''.
TpTrace Verbose: 0 : 43872, 1, 2025/03/07, 19:52:23.394, 12294532013259, vstest.console.dll, TestPluginCache: Executors are ''.
TpTrace Verbose: 0 : 43872, 1, 2025/03/07, 19:52:23.394, 12294532042969, vstest.console.dll, TestPluginCache: Executors2 are ''.
TpTrace Verbose: 0 : 43872, 1, 2025/03/07, 19:52:23.394, 12294532070800, vstest.console.dll, TestPluginCache: Setting providers are ''.
TpTrace Verbose: 0 : 43872, 1, 2025/03/07, 19:52:23.394, 12294532097780, vstest.console.dll, TestPluginCache: Loggers are ''.
TpTrace Verbose: 0 : 43872, 1, 2025/03/07, 19:52:23.394, 12294532334318, vstest.console.dll, TestPluginCache: TestHosts are 'HostProvider://DefaultTestHost,HostProvider://DotnetTestHost'.
TpTrace Verbose: 0 : 43872, 1, 2025/03/07, 19:52:23.395, 12294532379924, vstest.console.dll, TestPluginCache: DataCollectors are ''.
TpTrace Information: 0 : 43872, 1, 2025/03/07, 19:52:23.403, 12294540456400, vstest.console.dll, RunTestsArgumentProcessor:Execute: Test run is starting.
TpTrace Verbose: 0 : 43872, 1, 2025/03/07, 19:52:23.403, 12294540526167, vstest.console.dll, RunTestsArgumentProcessor:Execute: Queuing Test run.
TpTrace Information: 0 : 43872, 1, 2025/03/07, 19:52:23.403, 12294540783140, vstest.console.dll, TestRequestManager.RunTests: run tests started.
TpTrace Information: 0 : 43872, 1, 2025/03/07, 19:52:23.404, 12294541683666, vstest.console.dll, AssemblyMetadataProvider.GetFrameworkName: Determined framework:'.NETCoreApp,Version=v8.0' for source: '/home/msodoki/Desktop/Inventory/InventoryManagement.Tests/bin/Debug/net8.0/InventoryManagement.Tests.dll'
TpTrace Information: 0 : 43872, 1, 2025/03/07, 19:52:23.404, 12294541828663, vstest.console.dll, Determined framework for all sources: .NETCoreApp,Version=v8.0
TpTrace Verbose: 0 : 43872, 1, 2025/03/07, 19:52:23.404, 12294542037800, vstest.console.dll, TestRequestManager.UpdateRunSettingsIfRequired: Default architecture: X64 IsDefaultTargetArchitecture: True, Current process architecture: X64 OperatingSystem: Unix.
TpTrace Information: 0 : 43872, 1, 2025/03/07, 19:52:23.405, 12294543087540, vstest.console.dll, AssemblyMetadataProvider.GetArchitecture: Determined architecture:AnyCPU info for assembly: /home/msodoki/Desktop/Inventory/InventoryManagement.Tests/bin/Debug/net8.0/InventoryManagement.Tests.dll
TpTrace Information: 0 : 43872, 1, 2025/03/07, 19:52:23.405, 12294543125904, vstest.console.dll, Determined platform for source '/home/msodoki/Desktop/Inventory/InventoryManagement.Tests/bin/Debug/net8.0/InventoryManagement.Tests.dll' was AnyCPU and it will use the default plaform X64.
TpTrace Information: 0 : 43872, 1, 2025/03/07, 19:52:23.405, 12294543168632, vstest.console.dll, None of the sources provided any runnable platform, using the default platform: X64
TpTrace Information: 0 : 43872, 1, 2025/03/07, 19:52:23.405, 12294543321515, vstest.console.dll, Platform was updated to 'X64'.
TpTrace Information: 0 : 43872, 1, 2025/03/07, 19:52:23.407, 12294544814642, vstest.console.dll, Compatible sources list: 
TpTrace Information: 0 : 43872, 1, 2025/03/07, 19:52:23.407, 12294544861728, vstest.console.dll, /home/msodoki/Desktop/Inventory/InventoryManagement.Tests/bin/Debug/net8.0/InventoryManagement.Tests.dll
TpTrace Information: 0 : 43872, 1, 2025/03/07, 19:52:23.409, 12294546937194, vstest.console.dll, InferRunSettingsHelper.IsTestSettingsEnabled: Unable to navigate to RunSettings/MSTest. Current node: RunSettings
TpTrace Information: 0 : 43872, 1, 2025/03/07, 19:52:23.410, 12294547431735, vstest.console.dll, AssemblyResolver.OnResolve: Microsoft.VisualStudio.TestPlatform.Fakes: Resolving assembly.
TpTrace Information: 0 : 43872, 1, 2025/03/07, 19:52:23.410, 12294547472512, vstest.console.dll, AssemblyResolver.OnResolve: Microsoft.VisualStudio.TestPlatform.Fakes: Searching in: '/usr/share/dotnet/sdk/8.0.405/Extensions'.
TpTrace Information: 0 : 43872, 1, 2025/03/07, 19:52:23.410, 12294547508508, vstest.console.dll, AssemblyResolver.OnResolve: Microsoft.VisualStudio.TestPlatform.Fakes: Assembly path does not exist: '/usr/share/dotnet/sdk/8.0.405/Extensions/Microsoft.VisualStudio.TestPlatform.Fakes.dll', returning.
TpTrace Information: 0 : 43872, 1, 2025/03/07, 19:52:23.410, 12294547544533, vstest.console.dll, AssemblyResolver.OnResolve: Microsoft.VisualStudio.TestPlatform.Fakes: Assembly path does not exist: '/usr/share/dotnet/sdk/8.0.405/Extensions/Microsoft.VisualStudio.TestPlatform.Fakes.exe', returning.
TpTrace Information: 0 : 43872, 1, 2025/03/07, 19:52:23.410, 12294547579459, vstest.console.dll, AssemblyResolver.OnResolve: Microsoft.VisualStudio.TestPlatform.Fakes: Searching in: '/usr/share/dotnet/sdk/8.0.405'.
TpTrace Information: 0 : 43872, 1, 2025/03/07, 19:52:23.410, 12294547606971, vstest.console.dll, AssemblyResolver.OnResolve: Microsoft.VisualStudio.TestPlatform.Fakes: Assembly path does not exist: '/usr/share/dotnet/sdk/8.0.405/Microsoft.VisualStudio.TestPlatform.Fakes.dll', returning.
TpTrace Information: 0 : 43872, 1, 2025/03/07, 19:52:23.410, 12294547635712, vstest.console.dll, AssemblyResolver.OnResolve: Microsoft.VisualStudio.TestPlatform.Fakes: Assembly path does not exist: '/usr/share/dotnet/sdk/8.0.405/Microsoft.VisualStudio.TestPlatform.Fakes.exe', returning.
TpTrace Information: 0 : 43872, 1, 2025/03/07, 19:52:23.410, 12294547659648, vstest.console.dll, AssemblyResolver.OnResolve: Microsoft.VisualStudio.TestPlatform.Fakes: Failed to load assembly.
TpTrace Information: 0 : 43872, 1, 2025/03/07, 19:52:23.410, 12294547912189, vstest.console.dll, Failed to load assembly Microsoft.VisualStudio.TestPlatform.Fakes, Version=17.0.0.0, Culture=neutral. Reason:System.IO.FileNotFoundException: Could not load file or assembly 'Microsoft.VisualStudio.TestPlatform.Fakes, Version=17.0.0.0, Culture=neutral, PublicKeyToken=null'. The system cannot find the file specified.

File name: 'Microsoft.VisualStudio.TestPlatform.Fakes, Version=17.0.0.0, Culture=neutral, PublicKeyToken=null'
   at System.Reflection.RuntimeAssembly.InternalLoad(AssemblyName assemblyName, StackCrawlMark& stackMark, AssemblyLoadContext assemblyLoadContext, RuntimeAssembly requestingAssembly, Boolean throwOnFileNotFound)
   at System.Reflection.Assembly.Load(AssemblyName assemblyRef)
   at Microsoft.VisualStudio.TestPlatform.Common.Utilities.FakesUtilities.LoadTestPlatformAssembly() in /_/src/Microsoft.TestPlatform.Common/Utilities/FakesUtilities.cs:line 272
TpTrace Verbose: 0 : 43872, 1, 2025/03/07, 19:52:23.411, 12294549023000, vstest.console.dll, TestPluginCache: Update extensions started. Skip filter = False
TpTrace Verbose: 0 : 43872, 1, 2025/03/07, 19:52:23.412, 12294549394093, vstest.console.dll, TestPluginCache: Using directories for assembly resolution '/home/msodoki/.nuget/packages/coverlet.collector/6.0.0/build/netstandard1.0'.
TpTrace Verbose: 0 : 43872, 1, 2025/03/07, 19:52:23.412, 12294549444874, vstest.console.dll, TestPluginCache: Updated the available extensions to '/home/msodoki/.nuget/packages/coverlet.collector/6.0.0/build/netstandard1.0/coverlet.collector.dll'.
TpTrace Verbose: 0 : 43872, 1, 2025/03/07, 19:52:23.419, 12294557278713, vstest.console.dll, TestEngine: Initializing Parallel Execution as MaxCpuCount is set to: 1
TpTrace Information: 0 : 43872, 1, 2025/03/07, 19:52:23.420, 12294558315954, vstest.console.dll, TestPluginManager.CreateTestExtension: Attempting to load test extension: Microsoft.VisualStudio.TestPlatform.CrossPlatEngine.Hosting.DefaultTestHostManager
TpTrace Information: 0 : 43872, 1, 2025/03/07, 19:52:23.421, 12294558584747, vstest.console.dll, TestPluginManager.CreateTestExtension: Attempting to load test extension: Microsoft.VisualStudio.TestPlatform.CrossPlatEngine.Hosting.DotnetTestHostManager
TpTrace Verbose: 0 : 43872, 1, 2025/03/07, 19:52:23.421, 12294558794606, vstest.console.dll, TestHostManagerCallbacks.ctor: Forwarding output is enabled.
TpTrace Information: 0 : 43872, 1, 2025/03/07, 19:52:23.421, 12294559156009, vstest.console.dll, InferRunSettingsHelper.IsTestSettingsEnabled: Unable to navigate to RunSettings/MSTest. Current node: RunSettings
TpTrace Verbose: 0 : 43872, 1, 2025/03/07, 19:52:23.422, 12294560302238, vstest.console.dll, ParallelOperationManager.ClearSlots: Clearing all slots. Slots should accept more work: True
TpTrace Verbose: 0 : 43872, 1, 2025/03/07, 19:52:23.423, 12294560845675, vstest.console.dll, ParallelOperationManager.SetOccupiedSlotCount: Setting slot counts AvailableSlotCount = 1, OccupiedSlotCount = 0.
TpTrace Verbose: 0 : 43872, 1, 2025/03/07, 19:52:23.423, 12294561224246, vstest.console.dll, Occupied slots:

TpTrace Verbose: 0 : 43872, 1, 2025/03/07, 19:52:23.426, 12294564299682, vstest.console.dll, TestEngine.GetExecutionManager: Chosen execution manager 'Microsoft.VisualStudio.TestPlatform.CrossPlatEngine.Client.Parallel.ParallelProxyExecutionManager, Microsoft.TestPlatform.CrossPlatEngine, Version=15.0.0.0, Culture=neutral, PublicKeyToken=b03f5f7f11d50a3a' ParallelLevel '1'.
TpTrace Verbose: 0 : 43872, 1, 2025/03/07, 19:52:23.427, 12294564557768, vstest.console.dll, TestPlatform.GetSkipDefaultAdapters: Not skipping default adapters SkipDefaultAdapters was false.
TpTrace Verbose: 0 : 43872, 1, 2025/03/07, 19:52:23.427, 12294564698575, vstest.console.dll, TestRunRequest.ExecuteAsync: Creating test run request.
TpTrace Verbose: 0 : 43872, 1, 2025/03/07, 19:52:23.427, 12294565083330, vstest.console.dll, TestRunRequest.ExecuteAsync: Starting.
TpTrace Information: 0 : 43872, 1, 2025/03/07, 19:52:23.428, 12294565856422, vstest.console.dll, TestRunRequest.ExecuteAsync: Starting run with settings:TestRunCriteria:
   KeepAlive=False,FrequencyOfRunStatsChangeEvent=10,RunStatsChangeEventTimeout=00:00:01.5000000,TestCaseFilter=,TestExecutorLauncher=
   Settingsxml=<RunSettings>
  <RunConfiguration>
    <ResultsDirectory>/home/msodoki/Desktop/Inventory/InventoryManagement.Tests/TestResults</ResultsDirectory>
    <TargetPlatform>X64</TargetPlatform>
    <TargetFrameworkVersion>.NETCoreApp,Version=v8.0</TargetFrameworkVersion>
    <TestAdaptersPaths>/home/msodoki/.nuget/packages/coverlet.collector/6.0.0/build/netstandard1.0/</TestAdaptersPaths>
    <DesignMode>False</DesignMode>
    <CollectSourceInformation>False</CollectSourceInformation>
  </RunConfiguration>
  <LoggerRunSettings>
    <Loggers>
      <Logger friendlyName="Console" assemblyQualifiedName="Microsoft.VisualStudio.TestPlatform.CommandLine.Internal.ConsoleLogger, vstest.console, Version=15.0.0.0, Culture=neutral, PublicKeyToken=b03f5f7f11d50a3a" codeBase="/usr/share/dotnet/sdk/8.0.405/vstest.console.dll" enabled="True">
        <Configuration>
          <Verbosity>minimal</Verbosity>
        </Configuration>
      </Logger>
    </Loggers>
  </LoggerRunSettings>
</RunSettings>

TpTrace Verbose: 0 : 43872, 1, 2025/03/07, 19:52:23.428, 12294565926128, vstest.console.dll, TestRunRequest.ExecuteAsync: Wait for the first run request is over.
TpTrace Verbose: 0 : 43872, 1, 2025/03/07, 19:52:23.428, 12294566239744, vstest.console.dll, MulticastDelegateUtilities.SafeInvoke: TestRun.TestRunStart: Invoking callbacks was skipped because there are no subscribers.
TpTrace Verbose: 0 : 43872, 4, 2025/03/07, 19:52:23.429, 12294566480635, vstest.console.dll, MulticastDelegateUtilities.SafeInvoke: InternalTestLoggerEvents.SendTestRunStart: Invoking callback 1/1 for Microsoft.VisualStudio.TestPlatform.CommandLine.Internal.ConsoleLogger., took 0 ms.
TpTrace Verbose: 0 : 43872, 1, 2025/03/07, 19:52:23.429, 12294567318105, vstest.console.dll, ParallelProxyExecutionManager: Start execution. Total sources: 1
TpTrace Verbose: 0 : 43872, 1, 2025/03/07, 19:52:23.430, 12294567760737, vstest.console.dll, ParallelOperationManager.StartWork: Starting adding 1 workloads.
TpTrace Verbose: 0 : 43872, 1, 2025/03/07, 19:52:23.430, 12294567859514, vstest.console.dll, ParallelOperationManager.ClearSlots: Clearing all slots. Slots should accept more work: True
TpTrace Verbose: 0 : 43872, 1, 2025/03/07, 19:52:23.430, 12294567964389, vstest.console.dll, ParallelOperationManager.SetOccupiedSlotCount: Setting slot counts AvailableSlotCount = 1, OccupiedSlotCount = 0.
TpTrace Verbose: 0 : 43872, 1, 2025/03/07, 19:52:23.430, 12294568074206, vstest.console.dll, Occupied slots:

TpTrace Verbose: 0 : 43872, 1, 2025/03/07, 19:52:23.432, 12294569707338, vstest.console.dll, TestHostManagerCallbacks.ctor: Forwarding output is enabled.
TpTrace Verbose: 0 : 43872, 1, 2025/03/07, 19:52:23.432, 12294569958739, vstest.console.dll, TestRequestSender is acting as server.
TpTrace Verbose: 0 : 43872, 1, 2025/03/07, 19:52:23.432, 12294570228157, vstest.console.dll, ParallelOperationManager.RunWorkInParallel: Adding 1 workload to slot, remaining workloads 0.
TpTrace Verbose: 0 : 43872, 1, 2025/03/07, 19:52:23.432, 12294570275937, vstest.console.dll, ParallelOperationManager.SetOccupiedSlotCount: Setting slot counts AvailableSlotCount = 0, OccupiedSlotCount = 1.
TpTrace Verbose: 0 : 43872, 1, 2025/03/07, 19:52:23.433, 12294570393064, vstest.console.dll, Occupied slots:
0: /home/msodoki/Desktop/Inventory/InventoryManagement.Tests/bin/Debug/net8.0/InventoryManagement.Tests.dll
TpTrace Verbose: 0 : 43872, 1, 2025/03/07, 19:52:23.433, 12294571345100, vstest.console.dll, ParallelOperationManager.RunWorkInParallel: Started host in slot number 0 for work (source): /home/msodoki/Desktop/Inventory/InventoryManagement.Tests/bin/Debug/net8.0/InventoryManagement.Tests.dll.
TpTrace Verbose: 0 : 43872, 1, 2025/03/07, 19:52:23.434, 12294572122233, vstest.console.dll, ParallelOperationManager.RunWorkInParallel: We started 1 work items, which is the max parallel level. Won't start more work.
TpTrace Verbose: 0 : 43872, 1, 2025/03/07, 19:52:23.434, 12294572182115, vstest.console.dll, ParallelOperationManager.RunWorkInParallel: We started 1 work items in here, returning True.
TpTrace Information: 0 : 43872, 1, 2025/03/07, 19:52:23.434, 12294572235483, vstest.console.dll, TestRunRequest.ExecuteAsync: Started.
TpTrace Verbose: 0 : 43872, 5, 2025/03/07, 19:52:23.434, 12294572311302, vstest.console.dll, ParallelProxyExecutionManager.StartTestRunOnConcurrentManager: Initializing uninitialized client. Started clients: 0
TpTrace Verbose: 0 : 43872, 5, 2025/03/07, 19:52:23.434, 12294572366881, vstest.console.dll, ParallelProxyExecutionManager.StartTestRunOnConcurrentManager: Initializing test run. Started clients: 0
TpTrace Verbose: 0 : 43872, 5, 2025/03/07, 19:52:23.435, 12294572457820, vstest.console.dll, ProxyExecutionManager: Test host is always Lazy initialize.
TpTrace Verbose: 0 : 43872, 5, 2025/03/07, 19:52:23.435, 12294572679632, vstest.console.dll, TestRequestSender.InitializeCommunication: initialize communication. 
TpTrace Verbose: 0 : 43872, 1, 2025/03/07, 19:52:23.435, 12294573093899, vstest.console.dll, TestRunRequest.WaitForCompletion: Waiting with timeout -1.
TpTrace Information: 0 : 43872, 5, 2025/03/07, 19:52:23.440, 12294577829417, vstest.console.dll, SocketServer.Start: Listening on endpoint : 127.0.0.1:43025
TpTrace Verbose: 0 : 43872, 5, 2025/03/07, 19:52:23.444, 12294581467336, vstest.console.dll, DotnetTestHostmanager.GetTestHostProcessStartInfo: Platform environment 'X64' target architecture 'X64' framework '.NETCoreApp,Version=v8.0' OS 'Unix'
TpTrace Verbose: 0 : 43872, 5, 2025/03/07, 19:52:23.444, 12294581657540, vstest.console.dll, DotnetTestHostmanager: Adding  --runtimeconfig "/home/msodoki/Desktop/Inventory/InventoryManagement.Tests/bin/Debug/net8.0/InventoryManagement.Tests.runtimeconfig.json" in args
TpTrace Verbose: 0 : 43872, 5, 2025/03/07, 19:52:23.444, 12294581706463, vstest.console.dll, DotnetTestHostmanager: Adding  --depsfile "/home/msodoki/Desktop/Inventory/InventoryManagement.Tests/bin/Debug/net8.0/InventoryManagement.Tests.deps.json" in args
TpTrace Information: 0 : 43872, 5, 2025/03/07, 19:52:23.444, 12294581811283, vstest.console.dll, AssemblyResolver.OnResolve: Microsoft.Extensions.DependencyModel: Resolving assembly.
TpTrace Information: 0 : 43872, 5, 2025/03/07, 19:52:23.444, 12294581867956, vstest.console.dll, AssemblyResolver.OnResolve: Microsoft.Extensions.DependencyModel: Searching in: '/usr/share/dotnet/sdk/8.0.405/Extensions'.
TpTrace Information: 0 : 43872, 5, 2025/03/07, 19:52:23.444, 12294581908620, vstest.console.dll, AssemblyResolver.OnResolve: Microsoft.Extensions.DependencyModel: Assembly path does not exist: '/usr/share/dotnet/sdk/8.0.405/Extensions/Microsoft.Extensions.DependencyModel.dll', returning.
TpTrace Information: 0 : 43872, 5, 2025/03/07, 19:52:23.444, 12294581950646, vstest.console.dll, AssemblyResolver.OnResolve: Microsoft.Extensions.DependencyModel: Assembly path does not exist: '/usr/share/dotnet/sdk/8.0.405/Extensions/Microsoft.Extensions.DependencyModel.exe', returning.
TpTrace Information: 0 : 43872, 5, 2025/03/07, 19:52:23.444, 12294581977513, vstest.console.dll, AssemblyResolver.OnResolve: Microsoft.Extensions.DependencyModel: Searching in: '/usr/share/dotnet/sdk/8.0.405'.
TpTrace Information: 0 : 43872, 5, 2025/03/07, 19:52:23.444, 12294582162605, vstest.console.dll, AssemblyResolver.OnResolve: Microsoft.Extensions.DependencyModel: Loading assembly '/usr/share/dotnet/sdk/8.0.405/Microsoft.Extensions.DependencyModel.dll'.
TpTrace Information: 0 : 43872, 5, 2025/03/07, 19:52:23.445, 12294582400573, vstest.console.dll, AssemblyResolver.OnResolve: Resolved assembly: Microsoft.Extensions.DependencyModel, from path: /usr/share/dotnet/sdk/8.0.405/Microsoft.Extensions.DependencyModel.dll
TpTrace Verbose: 0 : 43872, 5, 2025/03/07, 19:52:23.445, 12294582783346, vstest.console.dll, DotnetTestHostmanager: Runtimeconfig.dev.json /home/msodoki/Desktop/Inventory/InventoryManagement.Tests/bin/Debug/net8.0/InventoryManagement.Tests.runtimeconfig.dev.json does not exist.
TpTrace Verbose: 0 : 43872, 5, 2025/03/07, 19:52:23.445, 12294582828856, vstest.console.dll, DotnetTestHostManager: Found testhost.dll in source directory: /home/msodoki/Desktop/Inventory/InventoryManagement.Tests/bin/Debug/net8.0/testhost.dll.
TpTrace Verbose: 0 : 43872, 5, 2025/03/07, 19:52:23.445, 12294582929737, vstest.console.dll, DotnetTestHostmanager: Current process architetcure 'X64'
TpTrace Verbose: 0 : 43872, 5, 2025/03/07, 19:52:23.446, 12294584139141, vstest.console.dll, DotnetTestHostmanager.LaunchTestHostAsync: Compatible muxer architecture of running process 'X64' and target architecture 'X64'
TpTrace Verbose: 0 : 43872, 5, 2025/03/07, 19:52:23.446, 12294584195297, vstest.console.dll, DotnetTestHostmanager: Full path of testhost.dll is /home/msodoki/Desktop/Inventory/InventoryManagement.Tests/bin/Debug/net8.0/testhost.dll
TpTrace Verbose: 0 : 43872, 5, 2025/03/07, 19:52:23.446, 12294584257934, vstest.console.dll, DotnetTestHostmanager: Full path of host exe is /usr/share/dotnet/dotnet
TpTrace Verbose: 0 : 43872, 5, 2025/03/07, 19:52:23.447, 12294584545489, vstest.console.dll, DotnetTestHostManager: Starting process '/usr/share/dotnet/dotnet' with command line 'exec --runtimeconfig "/home/msodoki/Desktop/Inventory/InventoryManagement.Tests/bin/Debug/net8.0/InventoryManagement.Tests.runtimeconfig.json" --depsfile "/home/msodoki/Desktop/Inventory/InventoryManagement.Tests/bin/Debug/net8.0/InventoryManagement.Tests.deps.json" "/home/msodoki/Desktop/Inventory/InventoryManagement.Tests/bin/Debug/net8.0/testhost.dll" --port 43025 --endpoint 127.0.0.1:043025 --role client --parentprocessid 43872 --diag "/home/msodoki/Desktop/Inventory/InventoryManagement.Tests/log.host.25-03-07_19-52-23_44365_5.txt" --tracelevel 4 --telemetryoptedin false'
TpTrace Verbose: 0 : 43872, 5, 2025/03/07, 19:52:23.450, 12294588354950, vstest.console.dll, Test Runtime launched
TpTrace Verbose: 0 : 43872, 5, 2025/03/07, 19:52:23.451, 12294588476728, vstest.console.dll, MulticastDelegateUtilities.SafeInvoke: HostProviderEvents.OnHostLaunched: Invoking callback 1/1 for Microsoft.VisualStudio.TestPlatform.CrossPlatEngine.Client.ProxyOperationManager., took 0 ms.
TpTrace Verbose: 0 : 43872, 5, 2025/03/07, 19:52:23.451, 12294588825303, vstest.console.dll, TestRequestSender.WaitForRequestHandlerConnection: waiting for connection with timeout: 90000.
TpTrace Verbose: 0 : 43872, 5, 2025/03/07, 19:52:23.573, 12294711222809, vstest.console.dll, TestRequestSender.WaitForRequestHandlerConnection: waiting took 122 ms, with timeout 90000 ms, and result 0, which is success.
TpTrace Verbose: 0 : 43872, 10, 2025/03/07, 19:52:23.573, 12294711222368, vstest.console.dll, MulticastDelegateUtilities.SafeInvoke: SocketServer: ClientConnected: Invoking callback 1/1 for Microsoft.VisualStudio.TestPlatform.CommunicationUtilities.TestRequestSender., took 0 ms.
TpTrace Verbose: 0 : 43872, 10, 2025/03/07, 19:52:23.574, 12294711456529, vstest.console.dll, SocketServer.OnClientConnected: Client connected for endPoint: 127.0.0.1:43025, starting MessageLoopAsync:
TpTrace Verbose: 0 : 43872, 10, 2025/03/07, 19:52:23.574, 12294712033584, vstest.console.dll, TcpClientExtensions.MessageLoopAsync: Polling on remoteEndPoint: 127.0.0.1:48944 localEndPoint: 127.0.0.1:43025 after 0 ms
TpTrace Verbose: 0 : 43872, 5, 2025/03/07, 19:52:23.603, 12294740751143, vstest.console.dll, TestRequestSender.CheckVersionWithTestHost: Sending check version message: {"MessageType":"ProtocolVersion","Payload":7}
TpTrace Verbose: 0 : 43872, 10, 2025/03/07, 19:52:23.678, 12294815500856, vstest.console.dll, TcpClientExtensions.MessageLoopAsync: NotifyDataAvailable remoteEndPoint: 127.0.0.1:48944 localEndPoint: 127.0.0.1:43025
TpTrace Verbose: 0 : 43872, 10, 2025/03/07, 19:52:23.678, 12294815927513, vstest.console.dll, TestRequestSender.CheckVersionWithTestHost: onMessageReceived received message: (ProtocolVersion) -> {"MessageType":"ProtocolVersion","Payload":7}
TpTrace Verbose: 0 : 43872, 10, 2025/03/07, 19:52:23.682, 12294820157904, vstest.console.dll, MulticastDelegateUtilities.SafeInvoke: LengthPrefixCommunicationChannel: MessageReceived: Invoking callback 1/1 for Microsoft.VisualStudio.TestPlatform.CommunicationUtilities.TestRequestSender+<>c__DisplayClass29_0., took 4 ms.
TpTrace Verbose: 0 : 43872, 10, 2025/03/07, 19:52:23.682, 12294820295948, vstest.console.dll, TcpClientExtensions.MessageLoopAsync: Polling on remoteEndPoint: 127.0.0.1:48944 localEndPoint: 127.0.0.1:43025 after 108 ms
TpTrace Verbose: 0 : 43872, 10, 2025/03/07, 19:52:23.682, 12294820362988, vstest.console.dll, TcpClientExtensions.MessageLoopAsync: NotifyDataAvailable remoteEndPoint: 127.0.0.1:48944 localEndPoint: 127.0.0.1:43025
TpTrace Verbose: 0 : 43872, 5, 2025/03/07, 19:52:23.682, 12294820312945, vstest.console.dll, TestPluginCache.GetExtensionPaths: Filtered extension paths: 
TpTrace Verbose: 0 : 43872, 5, 2025/03/07, 19:52:23.683, 12294820473823, vstest.console.dll, TestPluginCache.GetExtensionPaths: Added default extension paths: /usr/share/dotnet/sdk/8.0.405/Extensions/Microsoft.Diagnostics.NETCore.Client.dll
/usr/share/dotnet/sdk/8.0.405/Extensions/Microsoft.TestPlatform.Extensions.BlameDataCollector.dll
/usr/share/dotnet/sdk/8.0.405/Extensions/Microsoft.TestPlatform.Extensions.EventLogCollector.dll
/usr/share/dotnet/sdk/8.0.405/Extensions/Microsoft.TestPlatform.TestHostRuntimeProvider.dll
/usr/share/dotnet/sdk/8.0.405/Extensions/Microsoft.VisualStudio.TestPlatform.Extensions.Html.TestLogger.dll
/usr/share/dotnet/sdk/8.0.405/Extensions/Microsoft.VisualStudio.TestPlatform.Extensions.Trx.TestLogger.dll
TpTrace Verbose: 0 : 43872, 5, 2025/03/07, 19:52:23.683, 12294820514181, vstest.console.dll, TestPluginCache.GetExtensionPaths: Added unfilterableExtensionPaths: 
TpTrace Verbose: 0 : 43872, 5, 2025/03/07, 19:52:23.686, 12294823809586, vstest.console.dll, TestRequestSender.InitializeExecution: Sending initialize execution with message: {"Version":7,"MessageType":"TestExecution.Initialize","Payload":["/home/msodoki/Desktop/Inventory/InventoryManagement.Tests/bin/Debug/net8.0/xunit.runner.visualstudio.dotnetcore.testadapter.dll"]}
TpTrace Verbose: 0 : 43872, 5, 2025/03/07, 19:52:23.686, 12294824000692, vstest.console.dll, ParallelProxyExecutionManager.StartTestRunOnConcurrentManager: Execution starting. Started clients: 1
TpTrace Warning: 0 : 43872, 5, 2025/03/07, 19:52:23.687, 12294824400471, vstest.console.dll, InferRunSettingsHelper.MakeRunsettingsCompatible: Removing the following settings: TargetPlatform from RunSettings file. To use those settings please move to latest version of Microsoft.NET.Test.Sdk
TpTrace Verbose: 0 : 43872, 10, 2025/03/07, 19:52:23.687, 12294825067357, vstest.console.dll, TestRequestSender.OnExecutionMessageReceived: Received message: {"Version":7,"MessageType":"TestSession.Message","Payload":{"MessageLevel":0,"Message":"Logging TestHost Diagnostics in file: /home/msodoki/Desktop/Inventory/InventoryManagement.Tests/log.host.25-03-07_19-52-23_44365_5.txt"}}
TpTrace Verbose: 0 : 43872, 10, 2025/03/07, 19:52:23.695, 12294832796114, vstest.console.dll, TestRunRequest:SendTestRunMessage: Starting.
TpTrace Verbose: 0 : 43872, 10, 2025/03/07, 19:52:23.695, 12294833028604, vstest.console.dll, MulticastDelegateUtilities.SafeInvoke: TestRun.LogMessages: Invoking callback 1/1 for Microsoft.VisualStudio.TestPlatform.CommandLine.TestRunResultAggregator., took 0 ms.
TpTrace Information: 0 : 43872, 10, 2025/03/07, 19:52:23.695, 12294833079838, vstest.console.dll, TestRunRequest:SendTestRunMessage: Completed.
TpTrace Verbose: 0 : 43872, 10, 2025/03/07, 19:52:23.695, 12294833126524, vstest.console.dll, MulticastDelegateUtilities.SafeInvoke: LengthPrefixCommunicationChannel: MessageReceived: Invoking callback 1/1 for Microsoft.VisualStudio.TestPlatform.CommunicationUtilities.TestRequestSender+<>c__DisplayClass34_0., took 8 ms.
TpTrace Verbose: 0 : 43872, 10, 2025/03/07, 19:52:23.695, 12294833184645, vstest.console.dll, TcpClientExtensions.MessageLoopAsync: Polling on remoteEndPoint: 127.0.0.1:48944 localEndPoint: 127.0.0.1:43025 after 12 ms
TpTrace Verbose: 0 : 43872, 4, 2025/03/07, 19:52:23.696, 12294833485756, vstest.console.dll, MulticastDelegateUtilities.SafeInvoke: InternalTestLoggerEvents.SendTestRunMessage: Invoking callback 1/1 for Microsoft.VisualStudio.TestPlatform.CommandLine.Internal.ConsoleLogger., took 0 ms.
TpTrace Verbose: 0 : 43872, 5, 2025/03/07, 19:52:23.699, 12294837271892, vstest.console.dll, TestRequestSender.StartTestRun: Sending test run with message: {"Version":7,"MessageType":"TestExecution.StartWithSources","Payload":{"AdapterSourceMap":{"_none_":["/home/msodoki/Desktop/Inventory/InventoryManagement.Tests/bin/Debug/net8.0/InventoryManagement.Tests.dll"]},"RunSettings":"<RunSettings>\n  <RunConfiguration>\n    <ResultsDirectory>/home/msodoki/Desktop/Inventory/InventoryManagement.Tests/TestResults</ResultsDirectory>\n    <TargetFrameworkVersion>.NETCoreApp,Version=v8.0</TargetFrameworkVersion>\n    <TestAdaptersPaths>/home/msodoki/.nuget/packages/coverlet.collector/6.0.0/build/netstandard1.0/</TestAdaptersPaths>\n    <DesignMode>False</DesignMode>\n    <CollectSourceInformation>False</CollectSourceInformation>\n  </RunConfiguration>\n  <LoggerRunSettings>\n    <Loggers>\n      <Logger friendlyName=\"Console\" assemblyQualifiedName=\"Microsoft.VisualStudio.TestPlatform.CommandLine.Internal.ConsoleLogger, vstest.console, Version=15.0.0.0, Culture=neutral, PublicKeyToken=b03f5f7f11d50a3a\" codeBase=\"/usr/share/dotnet/sdk/8.0.405/vstest.console.dll\" enabled=\"True\">\n        <Configuration>\n          <Verbosity>minimal</Verbosity>\n        </Configuration>\n      </Logger>\n    </Loggers>\n  </LoggerRunSettings>\n</RunSettings>","TestExecutionContext":{"FrequencyOfRunStatsChangeEvent":10,"RunStatsChangeEventTimeout":"00:00:01.5000000","InIsolation":false,"KeepAlive":false,"AreTestCaseLevelEventsRequired":false,"IsDebug":false,"TestCaseFilter":null,"FilterOptions":null},"Package":null}}
TpTrace Verbose: 0 : 43872, 5, 2025/03/07, 19:52:23.700, 12294837436779, vstest.console.dll, ParallelProxyExecutionManager.StartTestRunOnConcurrentManager: Execution started. Started clients: 1
TpTrace Verbose: 0 : 43872, 10, 2025/03/07, 19:52:23.795, 12294932696583, vstest.console.dll, TcpClientExtensions.MessageLoopAsync: NotifyDataAvailable remoteEndPoint: 127.0.0.1:48944 localEndPoint: 127.0.0.1:43025
TpTrace Verbose: 0 : 43872, 10, 2025/03/07, 19:52:23.795, 12294932842675, vstest.console.dll, TestRequestSender.OnExecutionMessageReceived: Received message: {"Version":7,"MessageType":"TestSession.Message","Payload":{"MessageLevel":0,"Message":"[xUnit.net 00:00:00.00] xUnit.net VSTest Adapter v2.5.3.1+6b60a9e56a (64-bit .NET 8.0.12)"}}
TpTrace Verbose: 0 : 43872, 10, 2025/03/07, 19:52:23.795, 12294933055134, vstest.console.dll, TestRunRequest:SendTestRunMessage: Starting.
TpTrace Verbose: 0 : 43872, 10, 2025/03/07, 19:52:23.795, 12294933160355, vstest.console.dll, MulticastDelegateUtilities.SafeInvoke: TestRun.LogMessages: Invoking callback 1/1 for Microsoft.VisualStudio.TestPlatform.CommandLine.TestRunResultAggregator., took 0 ms.
TpTrace Information: 0 : 43872, 10, 2025/03/07, 19:52:23.795, 12294933214033, vstest.console.dll, TestRunRequest:SendTestRunMessage: Completed.
TpTrace Verbose: 0 : 43872, 4, 2025/03/07, 19:52:23.795, 12294933233007, vstest.console.dll, MulticastDelegateUtilities.SafeInvoke: InternalTestLoggerEvents.SendTestRunMessage: Invoking callback 1/1 for Microsoft.VisualStudio.TestPlatform.CommandLine.Internal.ConsoleLogger., took 0 ms.
TpTrace Verbose: 0 : 43872, 10, 2025/03/07, 19:52:23.795, 12294933305936, vstest.console.dll, MulticastDelegateUtilities.SafeInvoke: LengthPrefixCommunicationChannel: MessageReceived: Invoking callback 1/1 for Microsoft.VisualStudio.TestPlatform.CommunicationUtilities.TestRequestSender+<>c__DisplayClass34_0., took 0 ms.
TpTrace Verbose: 0 : 43872, 10, 2025/03/07, 19:52:23.796, 12294933436208, vstest.console.dll, TcpClientExtensions.MessageLoopAsync: Polling on remoteEndPoint: 127.0.0.1:48944 localEndPoint: 127.0.0.1:43025 after 100 ms
TpTrace Verbose: 0 : 43872, 10, 2025/03/07, 19:52:23.868, 12295005588787, vstest.console.dll, TcpClientExtensions.MessageLoopAsync: NotifyDataAvailable remoteEndPoint: 127.0.0.1:48944 localEndPoint: 127.0.0.1:43025
TpTrace Verbose: 0 : 43872, 10, 2025/03/07, 19:52:23.868, 12295005712550, vstest.console.dll, TestRequestSender.OnExecutionMessageReceived: Received message: {"Version":7,"MessageType":"TestSession.Message","Payload":{"MessageLevel":0,"Message":"[xUnit.net 00:00:00.07]   Discovering: InventoryManagement.Tests"}}
TpTrace Verbose: 0 : 43872, 10, 2025/03/07, 19:52:23.868, 12295005832036, vstest.console.dll, TestRunRequest:SendTestRunMessage: Starting.
TpTrace Verbose: 0 : 43872, 10, 2025/03/07, 19:52:23.868, 12295005894821, vstest.console.dll, MulticastDelegateUtilities.SafeInvoke: TestRun.LogMessages: Invoking callback 1/1 for Microsoft.VisualStudio.TestPlatform.CommandLine.TestRunResultAggregator., took 0 ms.
TpTrace Verbose: 0 : 43872, 4, 2025/03/07, 19:52:23.868, 12295005919044, vstest.console.dll, MulticastDelegateUtilities.SafeInvoke: InternalTestLoggerEvents.SendTestRunMessage: Invoking callback 1/1 for Microsoft.VisualStudio.TestPlatform.CommandLine.Internal.ConsoleLogger., took 0 ms.
TpTrace Information: 0 : 43872, 10, 2025/03/07, 19:52:23.868, 12295005929595, vstest.console.dll, TestRunRequest:SendTestRunMessage: Completed.
TpTrace Verbose: 0 : 43872, 10, 2025/03/07, 19:52:23.868, 12295006114353, vstest.console.dll, MulticastDelegateUtilities.SafeInvoke: LengthPrefixCommunicationChannel: MessageReceived: Invoking callback 1/1 for Microsoft.VisualStudio.TestPlatform.CommunicationUtilities.TestRequestSender+<>c__DisplayClass34_0., took 0 ms.
TpTrace Verbose: 0 : 43872, 10, 2025/03/07, 19:52:23.868, 12295006201051, vstest.console.dll, TcpClientExtensions.MessageLoopAsync: Polling on remoteEndPoint: 127.0.0.1:48944 localEndPoint: 127.0.0.1:43025 after 72 ms
TpTrace Verbose: 0 : 43872, 10, 2025/03/07, 19:52:23.904, 12295042156087, vstest.console.dll, TcpClientExtensions.MessageLoopAsync: NotifyDataAvailable remoteEndPoint: 127.0.0.1:48944 localEndPoint: 127.0.0.1:43025
TpTrace Verbose: 0 : 43872, 10, 2025/03/07, 19:52:23.905, 12295042416740, vstest.console.dll, TestRequestSender.OnExecutionMessageReceived: Received message: {"Version":7,"MessageType":"TestSession.Message","Payload":{"MessageLevel":0,"Message":"[xUnit.net 00:00:00.11]   Discovered:  InventoryManagement.Tests"}}
TpTrace Verbose: 0 : 43872, 10, 2025/03/07, 19:52:23.905, 12295042569418, vstest.console.dll, TestRunRequest:SendTestRunMessage: Starting.
TpTrace Verbose: 0 : 43872, 10, 2025/03/07, 19:52:23.905, 12295042655994, vstest.console.dll, MulticastDelegateUtilities.SafeInvoke: TestRun.LogMessages: Invoking callback 1/1 for Microsoft.VisualStudio.TestPlatform.CommandLine.TestRunResultAggregator., took 0 ms.
TpTrace Information: 0 : 43872, 10, 2025/03/07, 19:52:23.905, 12295042695928, vstest.console.dll, TestRunRequest:SendTestRunMessage: Completed.
TpTrace Verbose: 0 : 43872, 10, 2025/03/07, 19:52:23.905, 12295042731711, vstest.console.dll, MulticastDelegateUtilities.SafeInvoke: LengthPrefixCommunicationChannel: MessageReceived: Invoking callback 1/1 for Microsoft.VisualStudio.TestPlatform.CommunicationUtilities.TestRequestSender+<>c__DisplayClass34_0., took 0 ms.
TpTrace Verbose: 0 : 43872, 10, 2025/03/07, 19:52:23.905, 12295042772985, vstest.console.dll, TcpClientExtensions.MessageLoopAsync: Polling on remoteEndPoint: 127.0.0.1:48944 localEndPoint: 127.0.0.1:43025 after 36 ms
TpTrace Verbose: 0 : 43872, 4, 2025/03/07, 19:52:23.905, 12295042874939, vstest.console.dll, MulticastDelegateUtilities.SafeInvoke: InternalTestLoggerEvents.SendTestRunMessage: Invoking callback 1/1 for Microsoft.VisualStudio.TestPlatform.CommandLine.Internal.ConsoleLogger., took 0 ms.
TpTrace Verbose: 0 : 43872, 10, 2025/03/07, 19:52:23.907, 12295045317706, vstest.console.dll, TcpClientExtensions.MessageLoopAsync: NotifyDataAvailable remoteEndPoint: 127.0.0.1:48944 localEndPoint: 127.0.0.1:43025
TpTrace Verbose: 0 : 43872, 10, 2025/03/07, 19:52:23.908, 12295045429098, vstest.console.dll, TestRequestSender.OnExecutionMessageReceived: Received message: {"Version":7,"MessageType":"TestSession.Message","Payload":{"MessageLevel":0,"Message":"[xUnit.net 00:00:00.11]   Starting:    InventoryManagement.Tests"}}
TpTrace Verbose: 0 : 43872, 10, 2025/03/07, 19:52:23.908, 12295045560081, vstest.console.dll, TestRunRequest:SendTestRunMessage: Starting.
TpTrace Verbose: 0 : 43872, 10, 2025/03/07, 19:52:23.908, 12295045729850, vstest.console.dll, MulticastDelegateUtilities.SafeInvoke: TestRun.LogMessages: Invoking callback 1/1 for Microsoft.VisualStudio.TestPlatform.CommandLine.TestRunResultAggregator., took 0 ms.
TpTrace Information: 0 : 43872, 10, 2025/03/07, 19:52:23.908, 12295045771683, vstest.console.dll, TestRunRequest:SendTestRunMessage: Completed.
TpTrace Verbose: 0 : 43872, 10, 2025/03/07, 19:52:23.908, 12295045808697, vstest.console.dll, MulticastDelegateUtilities.SafeInvoke: LengthPrefixCommunicationChannel: MessageReceived: Invoking callback 1/1 for Microsoft.VisualStudio.TestPlatform.CommunicationUtilities.TestRequestSender+<>c__DisplayClass34_0., took 0 ms.
TpTrace Verbose: 0 : 43872, 10, 2025/03/07, 19:52:23.908, 12295045847643, vstest.console.dll, TcpClientExtensions.MessageLoopAsync: Polling on remoteEndPoint: 127.0.0.1:48944 localEndPoint: 127.0.0.1:43025 after 3 ms
TpTrace Verbose: 0 : 43872, 4, 2025/03/07, 19:52:23.908, 12295046074246, vstest.console.dll, MulticastDelegateUtilities.SafeInvoke: InternalTestLoggerEvents.SendTestRunMessage: Invoking callback 1/1 for Microsoft.VisualStudio.TestPlatform.CommandLine.Internal.ConsoleLogger., took 0 ms.
TpTrace Verbose: 0 : 43872, 10, 2025/03/07, 19:52:23.973, 12295110463726, vstest.console.dll, TcpClientExtensions.MessageLoopAsync: NotifyDataAvailable remoteEndPoint: 127.0.0.1:48944 localEndPoint: 127.0.0.1:43025
TpTrace Verbose: 0 : 43872, 10, 2025/03/07, 19:52:23.973, 12295110636304, vstest.console.dll, TestRequestSender.OnExecutionMessageReceived: Received message: {"Version":7,"MessageType":"TestSession.Message","Payload":{"MessageLevel":2,"Message":"[xUnit.net 00:00:00.17]     InventoryManagement.Tests.Controllers.ProductControllerTests.CreateProduct_ShouldReturnCreatedProduct [FAIL]"}}
TpTrace Verbose: 0 : 43872, 10, 2025/03/07, 19:52:23.973, 12295110790756, vstest.console.dll, TestRunRequest:SendTestRunMessage: Starting.
TpTrace Verbose: 0 : 43872, 10, 2025/03/07, 19:52:23.973, 12295110876296, vstest.console.dll, MulticastDelegateUtilities.SafeInvoke: TestRun.LogMessages: Invoking callback 1/1 for Microsoft.VisualStudio.TestPlatform.CommandLine.TestRunResultAggregator., took 0 ms.
TpTrace Information: 0 : 43872, 10, 2025/03/07, 19:52:23.973, 12295110920302, vstest.console.dll, TestRunRequest:SendTestRunMessage: Completed.
TpTrace Verbose: 0 : 43872, 10, 2025/03/07, 19:52:23.973, 12295110967821, vstest.console.dll, MulticastDelegateUtilities.SafeInvoke: LengthPrefixCommunicationChannel: MessageReceived: Invoking callback 1/1 for Microsoft.VisualStudio.TestPlatform.CommunicationUtilities.TestRequestSender+<>c__DisplayClass34_0., took 0 ms.
TpTrace Verbose: 0 : 43872, 10, 2025/03/07, 19:52:23.973, 12295111012800, vstest.console.dll, TcpClientExtensions.MessageLoopAsync: Polling on remoteEndPoint: 127.0.0.1:48944 localEndPoint: 127.0.0.1:43025 after 65 ms
TpTrace Verbose: 0 : 43872, 10, 2025/03/07, 19:52:23.973, 12295111057890, vstest.console.dll, TcpClientExtensions.MessageLoopAsync: NotifyDataAvailable remoteEndPoint: 127.0.0.1:48944 localEndPoint: 127.0.0.1:43025
TpTrace Verbose: 0 : 43872, 10, 2025/03/07, 19:52:23.973, 12295111135285, vstest.console.dll, TestRequestSender.OnExecutionMessageReceived: Received message: {"Version":7,"MessageType":"TestSession.Message","Payload":{"MessageLevel":0,"Message":"[xUnit.net 00:00:00.17]       System.InvalidOperationException : Can't find '/home/msodoki/Desktop/Inventory/InventoryManagement.Tests/bin/Debug/net8.0/testhost.deps.json'. This file is required for functional tests to run properly. There should be a copy of the file on your source project bin folder. If that is not the case, make sure that the property PreserveCompilationContext is set to true on your project file. E.g '<PreserveCompilationContext>true</PreserveCompilationContext>'. For functional tests to work they need to either run from the build output folder or the testhost.deps.json file from your application's output directory must be copied to the folder where the tests are running on. A common cause for this error is having shadow copying enabled when the tests run."}}
TpTrace Verbose: 0 : 43872, 10, 2025/03/07, 19:52:23.973, 12295111254260, vstest.console.dll, TestRunRequest:SendTestRunMessage: Starting.
TpTrace Verbose: 0 : 43872, 10, 2025/03/07, 19:52:23.973, 12295111314176, vstest.console.dll, MulticastDelegateUtilities.SafeInvoke: TestRun.LogMessages: Invoking callback 1/1 for Microsoft.VisualStudio.TestPlatform.CommandLine.TestRunResultAggregator., took 0 ms.
TpTrace Information: 0 : 43872, 10, 2025/03/07, 19:52:23.973, 12295111353569, vstest.console.dll, TestRunRequest:SendTestRunMessage: Completed.
TpTrace Verbose: 0 : 43872, 10, 2025/03/07, 19:52:23.974, 12295111396927, vstest.console.dll, MulticastDelegateUtilities.SafeInvoke: LengthPrefixCommunicationChannel: MessageReceived: Invoking callback 1/1 for Microsoft.VisualStudio.TestPlatform.CommunicationUtilities.TestRequestSender+<>c__DisplayClass34_0., took 0 ms.
TpTrace Verbose: 0 : 43872, 10, 2025/03/07, 19:52:23.974, 12295111439553, vstest.console.dll, TcpClientExtensions.MessageLoopAsync: Polling on remoteEndPoint: 127.0.0.1:48944 localEndPoint: 127.0.0.1:43025 after 0 ms
TpTrace Verbose: 0 : 43872, 10, 2025/03/07, 19:52:23.974, 12295111477113, vstest.console.dll, TcpClientExtensions.MessageLoopAsync: NotifyDataAvailable remoteEndPoint: 127.0.0.1:48944 localEndPoint: 127.0.0.1:43025
TpTrace Verbose: 0 : 43872, 10, 2025/03/07, 19:52:23.974, 12295111536975, vstest.console.dll, TestRequestSender.OnExecutionMessageReceived: Received message: {"Version":7,"MessageType":"TestSession.Message","Payload":{"MessageLevel":0,"Message":"[xUnit.net 00:00:00.17]       Stack Trace:"}}
TpTrace Verbose: 0 : 43872, 10, 2025/03/07, 19:52:23.974, 12295111621692, vstest.console.dll, TestRunRequest:SendTestRunMessage: Starting.
TpTrace Verbose: 0 : 43872, 10, 2025/03/07, 19:52:23.974, 12295111678788, vstest.console.dll, MulticastDelegateUtilities.SafeInvoke: TestRun.LogMessages: Invoking callback 1/1 for Microsoft.VisualStudio.TestPlatform.CommandLine.TestRunResultAggregator., took 0 ms.
TpTrace Information: 0 : 43872, 10, 2025/03/07, 19:52:23.974, 12295111715167, vstest.console.dll, TestRunRequest:SendTestRunMessage: Completed.
TpTrace Verbose: 0 : 43872, 10, 2025/03/07, 19:52:23.974, 12295111749474, vstest.console.dll, MulticastDelegateUtilities.SafeInvoke: LengthPrefixCommunicationChannel: MessageReceived: Invoking callback 1/1 for Microsoft.VisualStudio.TestPlatform.CommunicationUtilities.TestRequestSender+<>c__DisplayClass34_0., took 0 ms.
TpTrace Verbose: 0 : 43872, 10, 2025/03/07, 19:52:23.974, 12295111786295, vstest.console.dll, TcpClientExtensions.MessageLoopAsync: Polling on remoteEndPoint: 127.0.0.1:48944 localEndPoint: 127.0.0.1:43025 after 0 ms
TpTrace Verbose: 0 : 43872, 10, 2025/03/07, 19:52:23.974, 12295111826607, vstest.console.dll, TcpClientExtensions.MessageLoopAsync: NotifyDataAvailable remoteEndPoint: 127.0.0.1:48944 localEndPoint: 127.0.0.1:43025
TpTrace Verbose: 0 : 43872, 10, 2025/03/07, 19:52:23.974, 12295111882649, vstest.console.dll, TestRequestSender.OnExecutionMessageReceived: Received message: {"Version":7,"MessageType":"TestSession.Message","Payload":{"MessageLevel":0,"Message":"[xUnit.net 00:00:00.18]            at Microsoft.AspNetCore.Mvc.Testing.WebApplicationFactory`1.EnsureDepsFile()"}}
TpTrace Verbose: 0 : 43872, 10, 2025/03/07, 19:52:23.974, 12295111967462, vstest.console.dll, TestRunRequest:SendTestRunMessage: Starting.
TpTrace Verbose: 0 : 43872, 10, 2025/03/07, 19:52:23.974, 12295112025547, vstest.console.dll, MulticastDelegateUtilities.SafeInvoke: TestRun.LogMessages: Invoking callback 1/1 for Microsoft.VisualStudio.TestPlatform.CommandLine.TestRunResultAggregator., took 0 ms.
TpTrace Information: 0 : 43872, 10, 2025/03/07, 19:52:23.974, 12295112060284, vstest.console.dll, TestRunRequest:SendTestRunMessage: Completed.
TpTrace Verbose: 0 : 43872, 10, 2025/03/07, 19:52:23.974, 12295112121790, vstest.console.dll, MulticastDelegateUtilities.SafeInvoke: LengthPrefixCommunicationChannel: MessageReceived: Invoking callback 1/1 for Microsoft.VisualStudio.TestPlatform.CommunicationUtilities.TestRequestSender+<>c__DisplayClass34_0., took 0 ms.
TpTrace Verbose: 0 : 43872, 10, 2025/03/07, 19:52:23.974, 12295112176619, vstest.console.dll, TcpClientExtensions.MessageLoopAsync: Polling on remoteEndPoint: 127.0.0.1:48944 localEndPoint: 127.0.0.1:43025 after 0 ms
TpTrace Verbose: 0 : 43872, 10, 2025/03/07, 19:52:23.974, 12295112221149, vstest.console.dll, TcpClientExtensions.MessageLoopAsync: NotifyDataAvailable remoteEndPoint: 127.0.0.1:48944 localEndPoint: 127.0.0.1:43025
TpTrace Verbose: 0 : 43872, 10, 2025/03/07, 19:52:23.974, 12295112288518, vstest.console.dll, TestRequestSender.OnExecutionMessageReceived: Received message: {"Version":7,"MessageType":"TestSession.Message","Payload":{"MessageLevel":0,"Message":"[xUnit.net 00:00:00.18]            at Microsoft.AspNetCore.Mvc.Testing.WebApplicationFactory`1.EnsureServer()"}}
TpTrace Verbose: 0 : 43872, 10, 2025/03/07, 19:52:23.975, 12295112378783, vstest.console.dll, TestRunRequest:SendTestRunMessage: Starting.
TpTrace Verbose: 0 : 43872, 10, 2025/03/07, 19:52:23.975, 12295112441804, vstest.console.dll, MulticastDelegateUtilities.SafeInvoke: TestRun.LogMessages: Invoking callback 1/1 for Microsoft.VisualStudio.TestPlatform.CommandLine.TestRunResultAggregator., took 0 ms.
TpTrace Information: 0 : 43872, 10, 2025/03/07, 19:52:23.975, 12295112480197, vstest.console.dll, TestRunRequest:SendTestRunMessage: Completed.
TpTrace Verbose: 0 : 43872, 10, 2025/03/07, 19:52:23.975, 12295112519645, vstest.console.dll, MulticastDelegateUtilities.SafeInvoke: LengthPrefixCommunicationChannel: MessageReceived: Invoking callback 1/1 for Microsoft.VisualStudio.TestPlatform.CommunicationUtilities.TestRequestSender+<>c__DisplayClass34_0., took 0 ms.
TpTrace Verbose: 0 : 43872, 10, 2025/03/07, 19:52:23.975, 12295112559059, vstest.console.dll, TcpClientExtensions.MessageLoopAsync: Polling on remoteEndPoint: 127.0.0.1:48944 localEndPoint: 127.0.0.1:43025 after 0 ms
TpTrace Verbose: 0 : 43872, 10, 2025/03/07, 19:52:23.975, 12295112599905, vstest.console.dll, TcpClientExtensions.MessageLoopAsync: NotifyDataAvailable remoteEndPoint: 127.0.0.1:48944 localEndPoint: 127.0.0.1:43025
TpTrace Verbose: 0 : 43872, 10, 2025/03/07, 19:52:23.975, 12295112656980, vstest.console.dll, TestRequestSender.OnExecutionMessageReceived: Received message: {"Version":7,"MessageType":"TestSession.Message","Payload":{"MessageLevel":0,"Message":"[xUnit.net 00:00:00.18]            at Microsoft.AspNetCore.Mvc.Testing.WebApplicationFactory`1.CreateDefaultClient(DelegatingHandler[] handlers)"}}
TpTrace Verbose: 0 : 43872, 10, 2025/03/07, 19:52:23.975, 12295112739945, vstest.console.dll, TestRunRequest:SendTestRunMessage: Starting.
TpTrace Verbose: 0 : 43872, 10, 2025/03/07, 19:52:23.975, 12295112798064, vstest.console.dll, MulticastDelegateUtilities.SafeInvoke: TestRun.LogMessages: Invoking callback 1/1 for Microsoft.VisualStudio.TestPlatform.CommandLine.TestRunResultAggregator., took 0 ms.
TpTrace Information: 0 : 43872, 10, 2025/03/07, 19:52:23.975, 12295112832755, vstest.console.dll, TestRunRequest:SendTestRunMessage: Completed.
TpTrace Verbose: 0 : 43872, 10, 2025/03/07, 19:52:23.975, 12295112865961, vstest.console.dll, MulticastDelegateUtilities.SafeInvoke: LengthPrefixCommunicationChannel: MessageReceived: Invoking callback 1/1 for Microsoft.VisualStudio.TestPlatform.CommunicationUtilities.TestRequestSender+<>c__DisplayClass34_0., took 0 ms.
TpTrace Verbose: 0 : 43872, 10, 2025/03/07, 19:52:23.975, 12295112900649, vstest.console.dll, TcpClientExtensions.MessageLoopAsync: Polling on remoteEndPoint: 127.0.0.1:48944 localEndPoint: 127.0.0.1:43025 after 0 ms
TpTrace Verbose: 0 : 43872, 10, 2025/03/07, 19:52:23.975, 12295112935872, vstest.console.dll, TcpClientExtensions.MessageLoopAsync: NotifyDataAvailable remoteEndPoint: 127.0.0.1:48944 localEndPoint: 127.0.0.1:43025
TpTrace Verbose: 0 : 43872, 10, 2025/03/07, 19:52:23.975, 12295112992296, vstest.console.dll, TestRequestSender.OnExecutionMessageReceived: Received message: {"Version":7,"MessageType":"TestSession.Message","Payload":{"MessageLevel":0,"Message":"[xUnit.net 00:00:00.18]            at Microsoft.AspNetCore.Mvc.Testing.WebApplicationFactory`1.CreateDefaultClient(Uri baseAddress, DelegatingHandler[] handlers)"}}
TpTrace Verbose: 0 : 43872, 10, 2025/03/07, 19:52:23.975, 12295113082307, vstest.console.dll, TestRunRequest:SendTestRunMessage: Starting.
TpTrace Verbose: 0 : 43872, 10, 2025/03/07, 19:52:23.975, 12295113163996, vstest.console.dll, MulticastDelegateUtilities.SafeInvoke: TestRun.LogMessages: Invoking callback 1/1 for Microsoft.VisualStudio.TestPlatform.CommandLine.TestRunResultAggregator., took 0 ms.
TpTrace Information: 0 : 43872, 10, 2025/03/07, 19:52:23.975, 12295113202129, vstest.console.dll, TestRunRequest:SendTestRunMessage: Completed.
TpTrace Verbose: 0 : 43872, 10, 2025/03/07, 19:52:23.975, 12295113235043, vstest.console.dll, MulticastDelegateUtilities.SafeInvoke: LengthPrefixCommunicationChannel: MessageReceived: Invoking callback 1/1 for Microsoft.VisualStudio.TestPlatform.CommunicationUtilities.TestRequestSender+<>c__DisplayClass34_0., took 0 ms.
TpTrace Verbose: 0 : 43872, 10, 2025/03/07, 19:52:23.975, 12295113269803, vstest.console.dll, TcpClientExtensions.MessageLoopAsync: Polling on remoteEndPoint: 127.0.0.1:48944 localEndPoint: 127.0.0.1:43025 after 0 ms
TpTrace Verbose: 0 : 43872, 10, 2025/03/07, 19:52:23.975, 12295113306437, vstest.console.dll, TcpClientExtensions.MessageLoopAsync: NotifyDataAvailable remoteEndPoint: 127.0.0.1:48944 localEndPoint: 127.0.0.1:43025
TpTrace Verbose: 0 : 43872, 10, 2025/03/07, 19:52:23.975, 12295113362266, vstest.console.dll, TestRequestSender.OnExecutionMessageReceived: Received message: {"Version":7,"MessageType":"TestSession.Message","Payload":{"MessageLevel":0,"Message":"[xUnit.net 00:00:00.18]            at Microsoft.AspNetCore.Mvc.Testing.WebApplicationFactory`1.CreateClient(WebApplicationFactoryClientOptions options)"}}
TpTrace Verbose: 0 : 43872, 10, 2025/03/07, 19:52:23.976, 12295113446859, vstest.console.dll, TestRunRequest:SendTestRunMessage: Starting.
TpTrace Verbose: 0 : 43872, 10, 2025/03/07, 19:52:23.976, 12295113499757, vstest.console.dll, MulticastDelegateUtilities.SafeInvoke: TestRun.LogMessages: Invoking callback 1/1 for Microsoft.VisualStudio.TestPlatform.CommandLine.TestRunResultAggregator., took 0 ms.
TpTrace Information: 0 : 43872, 10, 2025/03/07, 19:52:23.976, 12295113530095, vstest.console.dll, TestRunRequest:SendTestRunMessage: Completed.
TpTrace Verbose: 0 : 43872, 10, 2025/03/07, 19:52:23.976, 12295113561271, vstest.console.dll, MulticastDelegateUtilities.SafeInvoke: LengthPrefixCommunicationChannel: MessageReceived: Invoking callback 1/1 for Microsoft.VisualStudio.TestPlatform.CommunicationUtilities.TestRequestSender+<>c__DisplayClass34_0., took 0 ms.
TpTrace Verbose: 0 : 43872, 10, 2025/03/07, 19:52:23.976, 12295113595256, vstest.console.dll, TcpClientExtensions.MessageLoopAsync: Polling on remoteEndPoint: 127.0.0.1:48944 localEndPoint: 127.0.0.1:43025 after 0 ms
TpTrace Verbose: 0 : 43872, 4, 2025/03/07, 19:52:23.976, 12295113595059, vstest.console.dll, MulticastDelegateUtilities.SafeInvoke: InternalTestLoggerEvents.SendTestRunMessage: Invoking callback 1/1 for Microsoft.VisualStudio.TestPlatform.CommandLine.Internal.ConsoleLogger., took 2 ms.
TpTrace Verbose: 0 : 43872, 10, 2025/03/07, 19:52:23.976, 12295113634589, vstest.console.dll, TcpClientExtensions.MessageLoopAsync: NotifyDataAvailable remoteEndPoint: 127.0.0.1:48944 localEndPoint: 127.0.0.1:43025
TpTrace Verbose: 0 : 43872, 4, 2025/03/07, 19:52:23.976, 12295113696985, vstest.console.dll, MulticastDelegateUtilities.SafeInvoke: InternalTestLoggerEvents.SendTestRunMessage: Invoking callback 1/1 for Microsoft.VisualStudio.TestPlatform.CommandLine.Internal.ConsoleLogger., took 0 ms.
TpTrace Verbose: 0 : 43872, 10, 2025/03/07, 19:52:23.976, 12295113729799, vstest.console.dll, TestRequestSender.OnExecutionMessageReceived: Received message: {"Version":7,"MessageType":"TestSession.Message","Payload":{"MessageLevel":0,"Message":"[xUnit.net 00:00:00.18]            at Microsoft.AspNetCore.Mvc.Testing.WebApplicationFactory`1.CreateClient()"}}
TpTrace Verbose: 0 : 43872, 4, 2025/03/07, 19:52:23.976, 12295113761476, vstest.console.dll, MulticastDelegateUtilities.SafeInvoke: InternalTestLoggerEvents.SendTestRunMessage: Invoking callback 1/1 for Microsoft.VisualStudio.TestPlatform.CommandLine.Internal.ConsoleLogger., took 0 ms.
TpTrace Verbose: 0 : 43872, 10, 2025/03/07, 19:52:23.976, 12295113817558, vstest.console.dll, TestRunRequest:SendTestRunMessage: Starting.
TpTrace Verbose: 0 : 43872, 4, 2025/03/07, 19:52:23.976, 12295113818724, vstest.console.dll, MulticastDelegateUtilities.SafeInvoke: InternalTestLoggerEvents.SendTestRunMessage: Invoking callback 1/1 for Microsoft.VisualStudio.TestPlatform.CommandLine.Internal.ConsoleLogger., took 0 ms.
TpTrace Verbose: 0 : 43872, 10, 2025/03/07, 19:52:23.976, 12295113881192, vstest.console.dll, MulticastDelegateUtilities.SafeInvoke: TestRun.LogMessages: Invoking callback 1/1 for Microsoft.VisualStudio.TestPlatform.CommandLine.TestRunResultAggregator., took 0 ms.
TpTrace Information: 0 : 43872, 10, 2025/03/07, 19:52:23.976, 12295113925817, vstest.console.dll, TestRunRequest:SendTestRunMessage: Completed.
TpTrace Verbose: 0 : 43872, 10, 2025/03/07, 19:52:23.976, 12295113958850, vstest.console.dll, MulticastDelegateUtilities.SafeInvoke: LengthPrefixCommunicationChannel: MessageReceived: Invoking callback 1/1 for Microsoft.VisualStudio.TestPlatform.CommunicationUtilities.TestRequestSender+<>c__DisplayClass34_0., took 0 ms.
TpTrace Verbose: 0 : 43872, 4, 2025/03/07, 19:52:23.976, 12295113960728, vstest.console.dll, MulticastDelegateUtilities.SafeInvoke: InternalTestLoggerEvents.SendTestRunMessage: Invoking callback 1/1 for Microsoft.VisualStudio.TestPlatform.CommandLine.Internal.ConsoleLogger., took 0 ms.
TpTrace Verbose: 0 : 43872, 4, 2025/03/07, 19:52:23.976, 12295114083247, vstest.console.dll, MulticastDelegateUtilities.SafeInvoke: InternalTestLoggerEvents.SendTestRunMessage: Invoking callback 1/1 for Microsoft.VisualStudio.TestPlatform.CommandLine.Internal.ConsoleLogger., took 0 ms.
TpTrace Verbose: 0 : 43872, 4, 2025/03/07, 19:52:23.976, 12295114158794, vstest.console.dll, MulticastDelegateUtilities.SafeInvoke: InternalTestLoggerEvents.SendTestRunMessage: Invoking callback 1/1 for Microsoft.VisualStudio.TestPlatform.CommandLine.Internal.ConsoleLogger., took 0 ms.
TpTrace Verbose: 0 : 43872, 4, 2025/03/07, 19:52:23.976, 12295114214289, vstest.console.dll, MulticastDelegateUtilities.SafeInvoke: InternalTestLoggerEvents.SendTestRunMessage: Invoking callback 1/1 for Microsoft.VisualStudio.TestPlatform.CommandLine.Internal.ConsoleLogger., took 0 ms.
TpTrace Verbose: 0 : 43872, 4, 2025/03/07, 19:52:23.976, 12295114276959, vstest.console.dll, MulticastDelegateUtilities.SafeInvoke: InternalTestLoggerEvents.SendTestRunMessage: Invoking callback 1/1 for Microsoft.VisualStudio.TestPlatform.CommandLine.Internal.ConsoleLogger., took 0 ms.
TpTrace Verbose: 0 : 43872, 10, 2025/03/07, 19:52:23.976, 12295114331548, vstest.console.dll, TcpClientExtensions.MessageLoopAsync: Polling on remoteEndPoint: 127.0.0.1:48944 localEndPoint: 127.0.0.1:43025 after 0 ms
TpTrace Verbose: 0 : 43872, 10, 2025/03/07, 19:52:23.977, 12295114377668, vstest.console.dll, TcpClientExtensions.MessageLoopAsync: NotifyDataAvailable remoteEndPoint: 127.0.0.1:48944 localEndPoint: 127.0.0.1:43025
TpTrace Verbose: 0 : 43872, 10, 2025/03/07, 19:52:23.977, 12295114455113, vstest.console.dll, TestRequestSender.OnExecutionMessageReceived: Received message: {"Version":7,"MessageType":"TestSession.Message","Payload":{"MessageLevel":0,"Message":"[xUnit.net 00:00:00.18]         /home/msodoki/Desktop/Inventory/InventoryManagement.Tests/Controllers/ProductControllerTests.cs(23,0): at InventoryManagement.Tests.Controllers.ProductControllerTests..ctor(TestDatabaseFactory`1 factory)"}}
TpTrace Verbose: 0 : 43872, 10, 2025/03/07, 19:52:23.977, 12295114568170, vstest.console.dll, TestRunRequest:SendTestRunMessage: Starting.
TpTrace Verbose: 0 : 43872, 10, 2025/03/07, 19:52:23.977, 12295114653085, vstest.console.dll, MulticastDelegateUtilities.SafeInvoke: TestRun.LogMessages: Invoking callback 1/1 for Microsoft.VisualStudio.TestPlatform.CommandLine.TestRunResultAggregator., took 0 ms.
TpTrace Information: 0 : 43872, 10, 2025/03/07, 19:52:23.977, 12295114693575, vstest.console.dll, TestRunRequest:SendTestRunMessage: Completed.
TpTrace Verbose: 0 : 43872, 10, 2025/03/07, 19:52:23.977, 12295114735956, vstest.console.dll, MulticastDelegateUtilities.SafeInvoke: LengthPrefixCommunicationChannel: MessageReceived: Invoking callback 1/1 for Microsoft.VisualStudio.TestPlatform.CommunicationUtilities.TestRequestSender+<>c__DisplayClass34_0., took 0 ms.
TpTrace Verbose: 0 : 43872, 10, 2025/03/07, 19:52:23.977, 12295114776755, vstest.console.dll, TcpClientExtensions.MessageLoopAsync: Polling on remoteEndPoint: 127.0.0.1:48944 localEndPoint: 127.0.0.1:43025 after 0 ms
TpTrace Verbose: 0 : 43872, 10, 2025/03/07, 19:52:23.977, 12295114817987, vstest.console.dll, TcpClientExtensions.MessageLoopAsync: NotifyDataAvailable remoteEndPoint: 127.0.0.1:48944 localEndPoint: 127.0.0.1:43025
TpTrace Verbose: 0 : 43872, 10, 2025/03/07, 19:52:23.977, 12295114878350, vstest.console.dll, TestRequestSender.OnExecutionMessageReceived: Received message: {"Version":7,"MessageType":"TestSession.Message","Payload":{"MessageLevel":0,"Message":"[xUnit.net 00:00:00.18]            at System.RuntimeMethodHandle.InvokeMethod(Object target, Void** arguments, Signature sig, Boolean isConstructor)"}}
TpTrace Verbose: 0 : 43872, 10, 2025/03/07, 19:52:23.977, 12295114972076, vstest.console.dll, TestRunRequest:SendTestRunMessage: Starting.
TpTrace Verbose: 0 : 43872, 10, 2025/03/07, 19:52:23.977, 12295115032262, vstest.console.dll, MulticastDelegateUtilities.SafeInvoke: TestRun.LogMessages: Invoking callback 1/1 for Microsoft.VisualStudio.TestPlatform.CommandLine.TestRunResultAggregator., took 0 ms.
TpTrace Information: 0 : 43872, 10, 2025/03/07, 19:52:23.977, 12295115071403, vstest.console.dll, TestRunRequest:SendTestRunMessage: Completed.
TpTrace Verbose: 0 : 43872, 10, 2025/03/07, 19:52:23.977, 12295115113440, vstest.console.dll, MulticastDelegateUtilities.SafeInvoke: LengthPrefixCommunicationChannel: MessageReceived: Invoking callback 1/1 for Microsoft.VisualStudio.TestPlatform.CommunicationUtilities.TestRequestSender+<>c__DisplayClass34_0., took 0 ms.
TpTrace Verbose: 0 : 43872, 10, 2025/03/07, 19:52:23.977, 12295115169628, vstest.console.dll, TcpClientExtensions.MessageLoopAsync: Polling on remoteEndPoint: 127.0.0.1:48944 localEndPoint: 127.0.0.1:43025 after 0 ms
TpTrace Verbose: 0 : 43872, 10, 2025/03/07, 19:52:23.977, 12295115212444, vstest.console.dll, TcpClientExtensions.MessageLoopAsync: NotifyDataAvailable remoteEndPoint: 127.0.0.1:48944 localEndPoint: 127.0.0.1:43025
TpTrace Verbose: 0 : 43872, 10, 2025/03/07, 19:52:23.977, 12295115307529, vstest.console.dll, TestRequestSender.OnExecutionMessageReceived: Received message: {"Version":7,"MessageType":"TestSession.Message","Payload":{"MessageLevel":0,"Message":"[xUnit.net 00:00:00.18]            at System.Reflection.MethodBaseInvoker.InvokeDirectByRefWithFewArgs(Object obj, Span`1 copyOfArgs, BindingFlags invokeAttr)"}}
TpTrace Verbose: 0 : 43872, 10, 2025/03/07, 19:52:23.978, 12295115402890, vstest.console.dll, TestRunRequest:SendTestRunMessage: Starting.
TpTrace Verbose: 0 : 43872, 10, 2025/03/07, 19:52:23.978, 12295115498601, vstest.console.dll, MulticastDelegateUtilities.SafeInvoke: TestRun.LogMessages: Invoking callback 1/1 for Microsoft.VisualStudio.TestPlatform.CommandLine.TestRunResultAggregator., took 0 ms.
TpTrace Information: 0 : 43872, 10, 2025/03/07, 19:52:23.978, 12295115543555, vstest.console.dll, TestRunRequest:SendTestRunMessage: Completed.
TpTrace Verbose: 0 : 43872, 10, 2025/03/07, 19:52:23.978, 12295115588617, vstest.console.dll, MulticastDelegateUtilities.SafeInvoke: LengthPrefixCommunicationChannel: MessageReceived: Invoking callback 1/1 for Microsoft.VisualStudio.TestPlatform.CommunicationUtilities.TestRequestSender+<>c__DisplayClass34_0., took 0 ms.
TpTrace Verbose: 0 : 43872, 10, 2025/03/07, 19:52:23.978, 12295115647988, vstest.console.dll, TcpClientExtensions.MessageLoopAsync: Polling on remoteEndPoint: 127.0.0.1:48944 localEndPoint: 127.0.0.1:43025 after 0 ms
TpTrace Verbose: 0 : 43872, 4, 2025/03/07, 19:52:23.978, 12295115774672, vstest.console.dll, MulticastDelegateUtilities.SafeInvoke: InternalTestLoggerEvents.SendTestRunMessage: Invoking callback 1/1 for Microsoft.VisualStudio.TestPlatform.CommandLine.Internal.ConsoleLogger., took 0 ms.
TpTrace Verbose: 0 : 43872, 4, 2025/03/07, 19:52:23.978, 12295115903748, vstest.console.dll, MulticastDelegateUtilities.SafeInvoke: InternalTestLoggerEvents.SendTestRunMessage: Invoking callback 1/1 for Microsoft.VisualStudio.TestPlatform.CommandLine.Internal.ConsoleLogger., took 0 ms.
TpTrace Verbose: 0 : 43872, 4, 2025/03/07, 19:52:23.978, 12295115989304, vstest.console.dll, MulticastDelegateUtilities.SafeInvoke: InternalTestLoggerEvents.SendTestRunMessage: Invoking callback 1/1 for Microsoft.VisualStudio.TestPlatform.CommandLine.Internal.ConsoleLogger., took 0 ms.
TpTrace Verbose: 0 : 43872, 10, 2025/03/07, 19:52:23.982, 12295120347825, vstest.console.dll, TcpClientExtensions.MessageLoopAsync: NotifyDataAvailable remoteEndPoint: 127.0.0.1:48944 localEndPoint: 127.0.0.1:43025
TpTrace Verbose: 0 : 43872, 10, 2025/03/07, 19:52:23.983, 12295120518256, vstest.console.dll, TestRequestSender.OnExecutionMessageReceived: Received message: {"Version":7,"MessageType":"TestSession.Message","Payload":{"MessageLevel":0,"Message":"[xUnit.net 00:00:00.18]   Finished:    InventoryManagement.Tests"}}
TpTrace Verbose: 0 : 43872, 10, 2025/03/07, 19:52:23.983, 12295120689420, vstest.console.dll, TestRunRequest:SendTestRunMessage: Starting.
TpTrace Verbose: 0 : 43872, 10, 2025/03/07, 19:52:23.983, 12295120769975, vstest.console.dll, MulticastDelegateUtilities.SafeInvoke: TestRun.LogMessages: Invoking callback 1/1 for Microsoft.VisualStudio.TestPlatform.CommandLine.TestRunResultAggregator., took 0 ms.
TpTrace Information: 0 : 43872, 10, 2025/03/07, 19:52:23.983, 12295120808003, vstest.console.dll, TestRunRequest:SendTestRunMessage: Completed.
TpTrace Verbose: 0 : 43872, 10, 2025/03/07, 19:52:23.983, 12295120849814, vstest.console.dll, MulticastDelegateUtilities.SafeInvoke: LengthPrefixCommunicationChannel: MessageReceived: Invoking callback 1/1 for Microsoft.VisualStudio.TestPlatform.CommunicationUtilities.TestRequestSender+<>c__DisplayClass34_0., took 0 ms.
TpTrace Verbose: 0 : 43872, 10, 2025/03/07, 19:52:23.983, 12295120889385, vstest.console.dll, TcpClientExtensions.MessageLoopAsync: Polling on remoteEndPoint: 127.0.0.1:48944 localEndPoint: 127.0.0.1:43025 after 5 ms
TpTrace Verbose: 0 : 43872, 4, 2025/03/07, 19:52:23.983, 12295120796669, vstest.console.dll, MulticastDelegateUtilities.SafeInvoke: InternalTestLoggerEvents.SendTestRunMessage: Invoking callback 1/1 for Microsoft.VisualStudio.TestPlatform.CommandLine.Internal.ConsoleLogger., took 0 ms.
TpTrace Verbose: 0 : 43872, 10, 2025/03/07, 19:52:24.041, 12295178952674, vstest.console.dll, TcpClientExtensions.MessageLoopAsync: NotifyDataAvailable remoteEndPoint: 127.0.0.1:48944 localEndPoint: 127.0.0.1:43025
TpTrace Verbose: 0 : 43872, 10, 2025/03/07, 19:52:24.041, 12295179172255, vstest.console.dll, TestRequestSender.OnExecutionMessageReceived: Received message: {"Version":7,"MessageType":"TestExecution.Completed","Payload":{"TestRunCompleteArgs":{"TestRunStatistics":{"ExecutedTests":2,"Stats":{"Passed":1,"Failed":1}},"IsCanceled":false,"IsAborted":false,"Error":null,"AttachmentSets":[],"InvokedDataCollectors":[],"ElapsedTimeInRunningTests":"00:00:00.1985850","Metrics":{},"DiscoveredExtensions":{"TestDiscoverers":["Xunit.Runner.VisualStudio.VsTestRunner, xunit.runner.visualstudio.dotnetcore.testadapter, Version=2.5.0.0, Culture=neutral, PublicKeyToken=null"],"TestExecutors":["executor://xunit/VsTestRunner2/netcoreapp"],"TestExecutors2":[],"TestSettingsProviders":[]}},"LastRunTests":{"NewTestResults":[{"TestCase":{"Id":"4599a5bb-f5f5-0c6f-8b21-5d7a807ac1ae","FullyQualifiedName":"InventoryManagement.Tests.UnitTest1.Test1","DisplayName":"InventoryManagement.Tests.UnitTest1.Test1","ExecutorUri":"executor://xunit/VsTestRunner2/netcoreapp","Source":"/home/msodoki/Desktop/Inventory/InventoryManagement.Tests/bin/Debug/net8.0/InventoryManagement.Tests.dll","CodeFilePath":null,"LineNumber":0,"Properties":[]},"Attachments":[],"Outcome":1,"ErrorMessage":null,"ErrorStackTrace":null,"DisplayName":"InventoryManagement.Tests.UnitTest1.Test1","Messages":[],"ComputerName":"parrot","Duration":"00:00:00.0018806","StartTime":"2025-03-07T16:52:23.9617217+00:00","EndTime":"2025-03-07T16:52:23.9617751+00:00","Properties":[]},{"TestCase":{"Id":"d53775fa-746a-28f6-0ce9-4594ec7bd0ad","FullyQualifiedName":"InventoryManagement.Tests.Controllers.ProductControllerTests.CreateProduct_ShouldReturnCreatedProduct","DisplayName":"InventoryManagement.Tests.Controllers.ProductControllerTests.CreateProduct_ShouldReturnCreatedProduct","ExecutorUri":"executor://xunit/VsTestRunner2/netcoreapp","Source":"/home/msodoki/Desktop/Inventory/InventoryManagement.Tests/bin/Debug/net8.0/InventoryManagement.Tests.dll","CodeFilePath":null,"LineNumber":0,"Properties":[]},"Attachments":[],"Outcome":2,"ErrorMessage":"System.InvalidOperationException : Can't find '/home/msodoki/Desktop/Inventory/InventoryManagement.Tests/bin/Debug/net8.0/testhost.deps.json'. This file is required for functional tests to run properly. There should be a copy of the file on your source project bin folder. If that is not the case, make sure that the property PreserveCompilationContext is set to true on your project file. E.g '<PreserveCompilationContext>true</PreserveCompilationContext>'. For functional tests to work they need to either run from the build output folder or the testhost.deps.json file from your application's output directory must be copied to the folder where the tests are running on. A common cause for this error is having shadow copying enabled when the tests run.","ErrorStackTrace":"   at Microsoft.AspNetCore.Mvc.Testing.WebApplicationFactory`1.EnsureDepsFile()\n   at Microsoft.AspNetCore.Mvc.Testing.WebApplicationFactory`1.EnsureServer()\n   at Microsoft.AspNetCore.Mvc.Testing.WebApplicationFactory`1.CreateDefaultClient(DelegatingHandler[] handlers)\n   at Microsoft.AspNetCore.Mvc.Testing.WebApplicationFactory`1.CreateDefaultClient(Uri baseAddress, DelegatingHandler[] handlers)\n   at Microsoft.AspNetCore.Mvc.Testing.WebApplicationFactory`1.CreateClient(WebApplicationFactoryClientOptions options)\n   at Microsoft.AspNetCore.Mvc.Testing.WebApplicationFactory`1.CreateClient()\n   at InventoryManagement.Tests.Controllers.ProductControllerTests..ctor(TestDatabaseFactory`1 factory) in /home/msodoki/Desktop/Inventory/InventoryManagement.Tests/Controllers/ProductControllerTests.cs:line 23\n   at System.RuntimeMethodHandle.InvokeMethod(Object target, Void** arguments, Signature sig, Boolean isConstructor)\n   at System.Reflection.MethodBaseInvoker.InvokeDirectByRefWithFewArgs(Object obj, Span`1 copyOfArgs, BindingFlags invokeAttr)","DisplayName":"InventoryManagement.Tests.Controllers.ProductControllerTests.CreateProduct_ShouldReturnCreatedProduct","Messages":[],"ComputerName":"parrot","Duration":"00:00:00.0010000","StartTime":"2025-03-07T16:52:23.9797352+00:00","EndTime":"2025-03-07T16:52:23.9797354+00:00","Properties":[]}],"TestRunStatistics":{"ExecutedTests":2,"Stats":{"Passed":1,"Failed":1}},"ActiveTests":[]},"RunAttachments":[],"ExecutorUris":["executor://xunit/VsTestRunner2/netcoreapp"]}}
TpTrace Verbose: 0 : 43872, 10, 2025/03/07, 19:52:24.041, 12295179362216, vstest.console.dll, TestRequestSender.EndSession: Sending end session.
TpTrace Verbose: 0 : 43872, 10, 2025/03/07, 19:52:24.042, 12295179504979, vstest.console.dll, ProxyOperationManager.Close: waiting for test host to exit for 100 ms
TpTrace Warning: 0 : 43872, 5, 2025/03/07, 19:52:24.052, 12295190258173, vstest.console.dll, TestHostManagerCallbacks.ErrorReceivedCallback Test host standard error line: 
TpTrace Verbose: 0 : 43872, 7, 2025/03/07, 19:52:24.052, 12295190248510, vstest.console.dll, TestHostManagerCallbacks.StandardOutputReceivedCallback Test host standard output line: 
TpTrace Verbose: 0 : 43872, 11, 2025/03/07, 19:52:24.054, 12295192353467, vstest.console.dll, TestHostProvider.ExitCallBack: Host exited starting callback.
TpTrace Information: 0 : 43872, 11, 2025/03/07, 19:52:24.055, 12295192501056, vstest.console.dll, TestHostManagerCallbacks.ExitCallBack: Testhost processId: 43886 exited with exitcode: 0 error: ''
TpTrace Verbose: 0 : 43872, 11, 2025/03/07, 19:52:24.055, 12295192555157, vstest.console.dll, DotnetTestHostManager.OnHostExited: invoking OnHostExited callback
TpTrace Verbose: 0 : 43872, 11, 2025/03/07, 19:52:24.055, 12295192634279, vstest.console.dll, CrossPlatEngine.TestHostManagerHostExited: calling on client process exit callback.
TpTrace Information: 0 : 43872, 11, 2025/03/07, 19:52:24.055, 12295192701786, vstest.console.dll, TestRequestSender.OnClientProcessExit: Test host process exited. Standard error: 
TpTrace Information: 0 : 43872, 11, 2025/03/07, 19:52:24.055, 12295192773552, vstest.console.dll, SocketServer.Stop: Stop server endPoint: 127.0.0.1:43025
TpTrace Information: 0 : 43872, 11, 2025/03/07, 19:52:24.055, 12295192814532, vstest.console.dll, SocketServer.Stop: Cancellation requested. Stopping message loop.
TpTrace Information: 0 : 43872, 10, 2025/03/07, 19:52:24.055, 12295192731004, vstest.console.dll, SocketServer.Stop: Stop server endPoint: 127.0.0.1:43025
TpTrace Information: 0 : 43872, 10, 2025/03/07, 19:52:24.055, 12295192887503, vstest.console.dll, SocketServer.Stop: Cancellation requested. Stopping message loop.
TpTrace Information: 0 : 43872, 10, 2025/03/07, 19:52:24.055, 12295192932298, vstest.console.dll, Closing the connection
TpTrace Verbose: 0 : 43872, 11, 2025/03/07, 19:52:24.055, 12295192940513, vstest.console.dll, MulticastDelegateUtilities.SafeInvoke: HostProviderEvents.OnHostExited: Invoking callback 1/1 for Microsoft.VisualStudio.TestPlatform.CrossPlatEngine.Client.ProxyOperationManager., took 0 ms.
TpTrace Verbose: 0 : 43872, 10, 2025/03/07, 19:52:24.099, 12295236995042, vstest.console.dll, ParallelRunEventsHandler.HandleTestRunComplete: Handling a run completion, this can be either one part of parallel run completing, or the whole parallel run completing.
TpTrace Verbose: 0 : 43872, 10, 2025/03/07, 19:52:24.108, 12295245947770, vstest.console.dll, TestRunRequest:SendTestRunStatsChange: Starting.
TpTrace Verbose: 0 : 43872, 10, 2025/03/07, 19:52:24.109, 12295246501916, vstest.console.dll, MulticastDelegateUtilities.SafeInvoke: TestRun.RunStatsChanged: Invoking callbacks was skipped because there are no subscribers.
TpTrace Information: 0 : 43872, 10, 2025/03/07, 19:52:24.109, 12295246673675, vstest.console.dll, TestRunRequest:SendTestRunStatsChange: Completed.
TpTrace Verbose: 0 : 43872, 10, 2025/03/07, 19:52:24.110, 12295248073407, vstest.console.dll, ParallelProxyExecutionManager: HandlePartialRunComplete: Total workloads = 1, Total started clients = 1 Total completed clients = 1, Run complete = True, Run canceled: False.
TpTrace Verbose: 0 : 43872, 10, 2025/03/07, 19:52:24.111, 12295248545608, vstest.console.dll, ParallelProxyExecutionManager: HandlePartialRunComplete: All runs completed stopping all managers.
TpTrace Verbose: 0 : 43872, 10, 2025/03/07, 19:52:24.111, 12295248622093, vstest.console.dll, ParallelOperationManager.StopAllManagers: Stopping all managers.
TpTrace Verbose: 0 : 43872, 10, 2025/03/07, 19:52:24.111, 12295248669175, vstest.console.dll, ParallelOperationManager.ClearSlots: Clearing all slots. Slots should accept more work: False
TpTrace Verbose: 0 : 43872, 10, 2025/03/07, 19:52:24.111, 12295248713359, vstest.console.dll, ParallelOperationManager.SetOccupiedSlotCount: Setting slot counts AvailableSlotCount = 1, OccupiedSlotCount = 0.
TpTrace Verbose: 0 : 43872, 10, 2025/03/07, 19:52:24.111, 12295248796592, vstest.console.dll, Occupied slots:

TpTrace Verbose: 0 : 43872, 10, 2025/03/07, 19:52:24.111, 12295248832611, vstest.console.dll, ParallelRunEventsHandler.HandleTestRunComplete: Whole parallel run completed.
TpTrace Verbose: 0 : 43872, 4, 2025/03/07, 19:52:24.114, 12295252209373, vstest.console.dll, MulticastDelegateUtilities.SafeInvoke: InternalTestLoggerEvents.SendTestResult: Invoking callback 1/1 for Microsoft.VisualStudio.TestPlatform.CommandLine.Internal.ConsoleLogger., took 5 ms.
TpTrace Verbose: 0 : 43872, 4, 2025/03/07, 19:52:24.115, 12295253125021, vstest.console.dll, MulticastDelegateUtilities.SafeInvoke: InternalTestLoggerEvents.SendTestResult: Invoking callback 1/1 for Microsoft.VisualStudio.TestPlatform.CommandLine.Internal.ConsoleLogger., took 0 ms.
TpTrace Verbose: 0 : 43872, 4, 2025/03/07, 19:52:24.122, 12295259799837, vstest.console.dll, MulticastDelegateUtilities.SafeInvoke: InternalTestLoggerEvents.SendTestRunComplete: Invoking callback 1/1 for Microsoft.VisualStudio.TestPlatform.CommandLine.Internal.ConsoleLogger., took 6 ms.
TpTrace Verbose: 0 : 43872, 10, 2025/03/07, 19:52:24.122, 12295260182296, vstest.console.dll, TestRunRequest:TestRunComplete: Starting. IsAborted:False IsCanceled:False.
TpTrace Verbose: 0 : 43872, 10, 2025/03/07, 19:52:24.122, 12295260316242, vstest.console.dll, ParallelOperationManager.DoActionOnAllManagers: Calling an action on all managers.
TpTrace Verbose: 0 : 43872, 10, 2025/03/07, 19:52:24.123, 12295261348399, vstest.console.dll, TestLoggerManager.HandleTestRunComplete: Ignoring as the object is disposed.
TpTrace Verbose: 0 : 43872, 10, 2025/03/07, 19:52:24.124, 12295261667740, vstest.console.dll, MulticastDelegateUtilities.SafeInvoke: TestRun.TestRunComplete: Invoking callback 1/2 for Microsoft.VisualStudio.TestPlatform.CommandLine.TestRunResultAggregator., took 0 ms.
TpTrace Verbose: 0 : 43872, 10, 2025/03/07, 19:52:24.124, 12295261809701, vstest.console.dll, MulticastDelegateUtilities.SafeInvoke: TestRun.TestRunComplete: Invoking callback 2/2 for Microsoft.VisualStudio.TestPlatform.CommandLine.Processors.RunTestsArgumentExecutor+TestRunRequestEventsRegistrar., took 0 ms.
TpTrace Information: 0 : 43872, 10, 2025/03/07, 19:52:24.124, 12295261921597, vstest.console.dll, TestRunRequest:TestRunComplete: Completed.
TpTrace Verbose: 0 : 43872, 1, 2025/03/07, 19:52:24.124, 12295261948512, vstest.console.dll, TestRunRequest.Dispose: Starting.
TpTrace Verbose: 0 : 43872, 10, 2025/03/07, 19:52:24.124, 12295261977233, vstest.console.dll, TestRequestSender.SetOperationComplete: Setting operation complete.
TpTrace Information: 0 : 43872, 1, 2025/03/07, 19:52:24.124, 12295262019049, vstest.console.dll, TestRunRequest.Dispose: Completed.
TpTrace Information: 0 : 43872, 10, 2025/03/07, 19:52:24.124, 12295262041711, vstest.console.dll, SocketServer.Stop: Stop server endPoint: 127.0.0.1:43025
TpTrace Information: 0 : 43872, 10, 2025/03/07, 19:52:24.124, 12295262082040, vstest.console.dll, SocketServer.Stop: Cancellation requested. Stopping message loop.
TpTrace Verbose: 0 : 43872, 10, 2025/03/07, 19:52:24.124, 12295262121402, vstest.console.dll, MulticastDelegateUtilities.SafeInvoke: LengthPrefixCommunicationChannel: MessageReceived: Invoking callback 1/1 for Microsoft.VisualStudio.TestPlatform.CommunicationUtilities.TestRequestSender+<>c__DisplayClass34_0., took 82 ms.
TpTrace Information: 0 : 43872, 1, 2025/03/07, 19:52:24.124, 12295262126855, vstest.console.dll, TestRequestManager.RunTests: run tests completed.
TpTrace Information: 0 : 43872, 10, 2025/03/07, 19:52:24.124, 12295262163821, vstest.console.dll, SocketServer.PrivateStop: Stopping server endPoint: 127.0.0.1:43025 error: 
TpTrace Information: 0 : 43872, 1, 2025/03/07, 19:52:24.124, 12295262238619, vstest.console.dll, RunTestsArgumentProcessor:Execute: Test run is completed.
TpTrace Verbose: 0 : 43872, 10, 2025/03/07, 19:52:24.124, 12295262347365, vstest.console.dll, LengthPrefixCommunicationChannel.Dispose: Dispose reader and writer.
TpTrace Information: 0 : 43872, 10, 2025/03/07, 19:52:24.125, 12295262409497, vstest.console.dll, SocketServer.Stop: Raise disconnected event endPoint: 127.0.0.1:43025 error: 
TpTrace Verbose: 0 : 43872, 1, 2025/03/07, 19:52:24.125, 12295262469211, vstest.console.dll, Executor.Execute: Exiting with exit code of 1
TpTrace Verbose: 0 : 43872, 10, 2025/03/07, 19:52:24.125, 12295262521275, vstest.console.dll, TestRequestSender: OnTestRunAbort: Operation is already complete. Skip error message.
TpTrace Verbose: 0 : 43872, 10, 2025/03/07, 19:52:24.125, 12295262565394, vstest.console.dll, MulticastDelegateUtilities.SafeInvoke: SocketServer: ClientDisconnected: Invoking callback 1/1 for Microsoft.VisualStudio.TestPlatform.CommunicationUtilities.TestRequestSender., took 0 ms.
TpTrace Verbose: 0 : 43872, 10, 2025/03/07, 19:52:24.125, 12295262603256, vstest.console.dll, TcpClientExtensions.MessageLoopAsync: exiting MessageLoopAsync remoteEndPoint: 127.0.0.1:48944 localEndPoint: 127.0.0.1:43025
